2024-06-18 02:07:42,678:INFO:tensor([[0.0215],
        [0.0169],
        [0.0100],
        ...,
        [0.0223],
        [0.0503],
        [0.0607]])
2024-06-18 02:07:42,694:INFO:tensor([[ 0.0526],
        [ 0.0592],
        [ 0.0576],
        ...,
        [-0.0257],
        [-0.0306],
        [-0.0520]])
2024-06-18 02:07:42,710:INFO:tensor([[-0.0243],
        [-0.0222],
        [-0.0092],
        ...,
        [-0.0248],
        [-0.0296],
        [-0.0034]])
2024-06-18 02:07:42,726:INFO:tensor([[ 0.0009],
        [ 0.0215],
        [ 0.0043],
        ...,
        [-0.0056],
        [ 0.0076],
        [-0.0048]])
2024-06-18 02:07:42,742:INFO:tensor([[-0.0473],
        [-0.0516],
        [-0.0561],
        ...,
        [ 0.0186],
        [ 0.0168],
        [ 0.0335]])
2024-06-18 02:07:42,802:INFO:tensor([[0.0164],
        [0.0172],
        [0.0191],
        ...,
        [0.0135],
        [0.0176],
        [0.0142]])
2024-06-18 02:07:42,818:INFO:tensor([[0.0177],
        [0.0217],
        [0.0232],
        ...,
        [0.0491],
        [0.0464],
        [0.0349]])
2024-06-18 02:07:42,832:INFO:tensor([[0.0426],
        [0.0328],
        [0.0318],
        ...,
        [0.0046],
        [0.0220],
        [0.0374]])
2024-06-18 02:07:42,848:INFO:tensor([[0.0471],
        [0.0434],
        [0.0188],
        ...,
        [0.0193],
        [0.0187],
        [0.0160]])
2024-06-18 02:07:42,863:INFO:tensor([[ 0.0140],
        [ 0.0272],
        [ 0.0281],
        ...,
        [-0.0186],
        [-0.0185],
        [-0.0196]])
2024-06-18 02:07:42,877:INFO:tensor([[-0.0105],
        [-0.0004],
        [-0.0025],
        ...,
        [ 0.0281],
        [ 0.0239],
        [ 0.0293]])
2024-06-18 02:07:42,893:INFO:tensor([[0.0151],
        [0.0120],
        [0.0217],
        ...,
        [0.0099],
        [0.0122],
        [0.0373]])
2024-06-18 02:07:42,909:INFO:tensor([[0.0380],
        [0.0167],
        [0.0233],
        ...,
        [0.0044],
        [0.0120],
        [0.0145]])
2024-06-18 02:07:42,925:INFO:tensor([[ 0.0079],
        [ 0.0102],
        [ 0.0092],
        ...,
        [-0.0024],
        [-0.0084],
        [ 0.0066]])
2024-06-18 02:07:42,941:INFO:tensor([[0.0228],
        [0.0113],
        [0.0195],
        ...,
        [0.0317],
        [0.0239],
        [0.0387]])
2024-06-18 02:07:42,957:INFO:tensor([[0.0132],
        [0.0263],
        [0.0178],
        ...,
        [0.0089],
        [0.0023],
        [0.0030]])
2024-06-18 02:07:42,972:INFO:tensor([[-0.0039],
        [ 0.0037],
        [-0.0031],
        ...,
        [ 0.0123],
        [ 0.0111],
        [ 0.0097]])
2024-06-18 02:07:42,986:INFO:tensor([[0.0196],
        [0.0223],
        [0.0088],
        ...,
        [0.0222],
        [0.0248],
        [0.0260]])
2024-06-18 02:07:43,000:INFO:tensor([[0.0129],
        [0.0301],
        [0.0370],
        ...,
        [0.0334],
        [0.0097],
        [0.0076]])
2024-06-18 02:07:43,015:INFO:tensor([[ 0.0033],
        [ 0.0203],
        [ 0.0178],
        ...,
        [-0.0132],
        [-0.0182],
        [-0.0153]])
2024-06-18 02:07:43,029:INFO:tensor([[-0.0117],
        [-0.0012],
        [-0.0179],
        ...,
        [ 0.0107],
        [ 0.0325],
        [ 0.0242]])
2024-06-18 02:07:43,044:INFO:tensor([[0.0373],
        [0.0182],
        [0.0174],
        ...,
        [0.0305],
        [0.0540],
        [0.0346]])
2024-06-18 02:07:43,058:INFO:tensor([[0.0205],
        [0.0240],
        [0.0157],
        ...,
        [0.0110],
        [0.0295],
        [0.0415]])
2024-06-18 02:07:43,072:INFO:tensor([[0.0139],
        [0.0414],
        [0.0316],
        ...,
        [0.0039],
        [0.0164],
        [0.0207]])
2024-06-18 02:07:43,133:INFO:tensor([[ 0.0150],
        [-0.0154],
        [-0.0156],
        ...,
        [ 0.0303],
        [ 0.0333],
        [ 0.0302]])
2024-06-18 02:07:43,148:INFO:tensor([[ 0.0332],
        [ 0.0256],
        [ 0.0330],
        ...,
        [-0.0070],
        [-0.0173],
        [-0.0160]])
2024-06-18 02:07:43,162:INFO:tensor([[-0.0061],
        [-0.0042],
        [ 0.0043],
        ...,
        [ 0.0006],
        [ 0.0189],
        [ 0.0061]])
2024-06-18 02:07:43,177:INFO:tensor([[ 0.0052],
        [ 0.0065],
        [-0.0180],
        ...,
        [ 0.0252],
        [ 0.0208],
        [ 0.0229]])
2024-06-18 02:07:43,191:INFO:tensor([[ 0.0178],
        [ 0.0104],
        [ 0.0175],
        ...,
        [-0.0031],
        [ 0.0039],
        [ 0.0067]])
2024-06-18 02:07:43,207:INFO:tensor([[0.0153],
        [0.0174],
        [0.0174],
        ...,
        [0.0315],
        [0.0143],
        [0.0023]])
2024-06-18 02:07:43,221:INFO:tensor([[-0.0029],
        [ 0.0032],
        [ 0.0106],
        ...,
        [-0.0044],
        [ 0.0051],
        [ 0.0076]])
2024-06-18 02:07:43,235:INFO:tensor([[ 0.0139],
        [ 0.0046],
        [ 0.0026],
        ...,
        [-0.0231],
        [-0.0213],
        [-0.0014]])
2024-06-18 02:07:43,250:INFO:tensor([[0.0122],
        [0.0154],
        [0.0115],
        ...,
        [0.0240],
        [0.0331],
        [0.0290]])
2024-06-18 02:07:43,264:INFO:tensor([[0.0375],
        [0.0365],
        [0.0131],
        ...,
        [0.0487],
        [0.0308],
        [0.0236]])
2024-06-18 02:07:43,279:INFO:tensor([[ 0.0276],
        [ 0.0300],
        [ 0.0443],
        ...,
        [-0.0121],
        [-0.0004],
        [ 0.0036]])
2024-06-18 02:07:43,293:INFO:tensor([[ 0.0110],
        [ 0.0009],
        [-0.0045],
        ...,
        [-0.0057],
        [ 0.0057],
        [-0.0054]])
2024-06-18 02:07:43,308:INFO:tensor([[ 0.0053],
        [-0.0029],
        [ 0.0150],
        ...,
        [-0.0144],
        [-0.0023],
        [-0.0072]])
2024-06-18 02:07:43,323:INFO:tensor([[ 0.0092],
        [-0.0009],
        [ 0.0044],
        ...,
        [ 0.0107],
        [-0.0005],
        [ 0.0203]])
2024-06-18 02:07:43,338:INFO:tensor([[ 0.0025],
        [ 0.0188],
        [ 0.0121],
        ...,
        [ 0.0110],
        [-0.0130],
        [-0.0239]])
2024-06-18 02:07:43,355:INFO:tensor([[ 0.0010],
        [ 0.0092],
        [-0.0070],
        ...,
        [ 0.0082],
        [ 0.0279],
        [ 0.0144]])
2024-06-18 02:07:43,372:INFO:tensor([[ 0.0209],
        [-0.0088],
        [-0.0038],
        ...,
        [ 0.0212],
        [ 0.0042],
        [ 0.0028]])
2024-06-18 02:07:43,388:INFO:tensor([[ 0.0012],
        [-0.0143],
        [-0.0070],
        ...,
        [ 0.0193],
        [ 0.0253],
        [ 0.0325]])
2024-06-18 02:07:43,403:INFO:tensor([[0.0122],
        [0.0057],
        [0.0008],
        ...,
        [0.0193],
        [0.0143],
        [0.0214]])
2024-06-18 02:07:43,418:INFO:tensor([[ 0.0176],
        [ 0.0131],
        [ 0.0090],
        ...,
        [ 0.0183],
        [ 0.0264],
        [-0.0013]])
2024-06-18 02:07:43,434:INFO:tensor([[-0.0209],
        [-0.0129],
        [ 0.0022],
        ...,
        [-0.0107],
        [ 0.0147],
        [-0.0035]])
2024-06-18 02:07:43,500:INFO:tensor([[-0.0115],
        [ 0.0207],
        [ 0.0144],
        ...,
        [ 0.0338],
        [ 0.0333],
        [ 0.0350]])
2024-06-18 02:07:43,514:INFO:tensor([[0.0220],
        [0.0138],
        [0.0409],
        ...,
        [0.0116],
        [0.0107],
        [0.0171]])
2024-06-18 02:07:43,529:INFO:tensor([[-0.0091],
        [-0.0085],
        [ 0.0147],
        ...,
        [ 0.0066],
        [ 0.0325],
        [ 0.0167]])
2024-06-18 02:07:43,543:INFO:tensor([[0.0290],
        [0.0330],
        [0.0014],
        ...,
        [0.0128],
        [0.0345],
        [0.0462]])
2024-06-18 02:07:43,559:INFO:tensor([[0.0450],
        [0.0584],
        [0.0537],
        ...,
        [0.0085],
        [0.0159],
        [0.0509]])
2024-06-18 02:07:43,575:INFO:tensor([[0.0330],
        [0.0188],
        [0.0204],
        ...,
        [0.0122],
        [0.0074],
        [0.0095]])
2024-06-18 02:07:43,590:INFO:tensor([[-0.0028],
        [ 0.0038],
        [ 0.0072],
        ...,
        [ 0.0056],
        [-0.0032],
        [-0.0009]])
2024-06-18 02:07:43,606:INFO:tensor([[-0.0146],
        [-0.0165],
        [-0.0186],
        ...,
        [-0.0027],
        [-0.0106],
        [-0.0170]])
2024-06-18 02:07:43,621:INFO:tensor([[-0.0086],
        [-0.0318],
        [-0.0285],
        ...,
        [-0.0232],
        [-0.0129],
        [-0.0185]])
2024-06-18 02:07:43,638:INFO:tensor([[-0.0238],
        [-0.0166],
        [-0.0044],
        ...,
        [ 0.0086],
        [-0.0043],
        [ 0.0118]])
2024-06-18 02:07:43,654:INFO:tensor([[0.0078],
        [0.0059],
        [0.0086],
        ...,
        [0.0193],
        [0.0157],
        [0.0281]])
2024-06-18 02:07:43,670:INFO:tensor([[ 0.0357],
        [ 0.0244],
        [ 0.0193],
        ...,
        [ 0.0115],
        [-0.0115],
        [ 0.0202]])
2024-06-18 02:07:43,684:INFO:tensor([[0.0184],
        [0.0361],
        [0.0086],
        ...,
        [0.0133],
        [0.0229],
        [0.0300]])
2024-06-18 02:07:45,449:INFO:tensor([[ 0.0167],
        [ 0.0124],
        [-0.0018],
        ...,
        [ 0.0137],
        [ 0.0423],
        [ 0.0497]])
2024-06-18 02:07:45,464:INFO:tensor([[ 0.0389],
        [ 0.0476],
        [ 0.0462],
        ...,
        [-0.0144],
        [-0.0175],
        [-0.0375]])
2024-06-18 02:07:45,478:INFO:tensor([[-0.0051],
        [-0.0105],
        [ 0.0065],
        ...,
        [-0.0212],
        [-0.0259],
        [ 0.0008]])
2024-06-18 02:07:45,493:INFO:tensor([[ 0.0029],
        [ 0.0280],
        [ 0.0124],
        ...,
        [-0.0044],
        [ 0.0077],
        [-0.0061]])
2024-06-18 02:07:45,507:INFO:tensor([[-0.0442],
        [-0.0502],
        [-0.0523],
        ...,
        [ 0.0097],
        [ 0.0094],
        [ 0.0175]])
2024-06-18 02:07:45,522:INFO:tensor([[0.0182],
        [0.0174],
        [0.0182],
        ...,
        [0.0098],
        [0.0131],
        [0.0133]])
2024-06-18 02:07:45,537:INFO:tensor([[0.0172],
        [0.0254],
        [0.0215],
        ...,
        [0.0444],
        [0.0446],
        [0.0333]])
2024-06-18 02:07:45,550:INFO:tensor([[ 0.0386],
        [ 0.0349],
        [ 0.0335],
        ...,
        [-0.0004],
        [ 0.0176],
        [ 0.0293]])
2024-06-18 02:07:45,608:INFO:tensor([[0.0418],
        [0.0356],
        [0.0094],
        ...,
        [0.0241],
        [0.0231],
        [0.0221]])
2024-06-18 02:07:45,621:INFO:tensor([[ 0.0203],
        [ 0.0312],
        [ 0.0341],
        ...,
        [-0.0139],
        [-0.0127],
        [-0.0151]])
2024-06-18 02:07:45,635:INFO:tensor([[-0.0025],
        [ 0.0052],
        [-0.0029],
        ...,
        [ 0.0249],
        [ 0.0148],
        [ 0.0176]])
2024-06-18 02:07:45,649:INFO:tensor([[0.0017],
        [0.0062],
        [0.0116],
        ...,
        [0.0013],
        [0.0024],
        [0.0234]])
2024-06-18 02:07:45,663:INFO:tensor([[ 2.2949e-02],
        [-6.5267e-06],
        [ 1.2363e-02],
        ...,
        [ 2.5872e-03],
        [ 9.4859e-03],
        [ 1.6191e-02]])
2024-06-18 02:07:45,676:INFO:tensor([[ 8.6316e-03],
        [ 4.1378e-03],
        [ 8.1141e-03],
        ...,
        [-3.9452e-03],
        [-8.1044e-03],
        [-4.2409e-05]])
2024-06-18 02:07:45,691:INFO:tensor([[0.0154],
        [0.0069],
        [0.0116],
        ...,
        [0.0375],
        [0.0333],
        [0.0498]])
2024-06-18 02:07:45,704:INFO:tensor([[ 0.0163],
        [ 0.0254],
        [ 0.0194],
        ...,
        [-0.0083],
        [-0.0087],
        [-0.0102]])
2024-06-18 02:07:45,720:INFO:tensor([[-0.0166],
        [-0.0116],
        [-0.0089],
        ...,
        [ 0.0075],
        [ 0.0100],
        [ 0.0095]])
2024-06-18 02:07:45,735:INFO:tensor([[0.0112],
        [0.0134],
        [0.0041],
        ...,
        [0.0220],
        [0.0236],
        [0.0197]])
2024-06-18 02:07:45,749:INFO:tensor([[0.0102],
        [0.0265],
        [0.0401],
        ...,
        [0.0310],
        [0.0107],
        [0.0117]])
2024-06-18 02:07:45,764:INFO:tensor([[ 0.0036],
        [ 0.0161],
        [ 0.0174],
        ...,
        [ 0.0002],
        [-0.0083],
        [-0.0130]])
2024-06-18 02:07:45,779:INFO:tensor([[-0.0081],
        [ 0.0024],
        [-0.0173],
        ...,
        [ 0.0120],
        [ 0.0344],
        [ 0.0246]])
2024-06-18 02:07:45,794:INFO:tensor([[0.0489],
        [0.0320],
        [0.0314],
        ...,
        [0.0182],
        [0.0384],
        [0.0249]])
2024-06-18 02:07:45,810:INFO:tensor([[0.0163],
        [0.0184],
        [0.0080],
        ...,
        [0.0132],
        [0.0326],
        [0.0395]])
2024-06-18 02:07:45,870:INFO:tensor([[ 0.0119],
        [ 0.0429],
        [ 0.0348],
        ...,
        [-0.0028],
        [ 0.0162],
        [ 0.0229]])
2024-06-18 02:07:45,883:INFO:tensor([[0.0239],
        [0.0083],
        [0.0067],
        ...,
        [0.0243],
        [0.0294],
        [0.0215]])
2024-06-18 02:07:45,897:INFO:tensor([[ 0.0248],
        [ 0.0200],
        [ 0.0248],
        ...,
        [-0.0110],
        [-0.0212],
        [-0.0177]])
2024-06-18 02:07:45,911:INFO:tensor([[-0.0055],
        [-0.0054],
        [ 0.0051],
        ...,
        [ 0.0065],
        [ 0.0258],
        [ 0.0164]])
2024-06-18 02:07:45,924:INFO:tensor([[ 0.0160],
        [ 0.0134],
        [-0.0136],
        ...,
        [ 0.0257],
        [ 0.0218],
        [ 0.0237]])
2024-06-18 02:07:45,938:INFO:tensor([[ 0.0157],
        [ 0.0073],
        [ 0.0148],
        ...,
        [-0.0012],
        [ 0.0077],
        [ 0.0112]])
2024-06-18 02:07:45,951:INFO:tensor([[ 0.0210],
        [ 0.0227],
        [ 0.0183],
        ...,
        [ 0.0351],
        [ 0.0106],
        [-0.0034]])
2024-06-18 02:07:45,966:INFO:tensor([[-0.0085],
        [-0.0005],
        [ 0.0079],
        ...,
        [-0.0047],
        [ 0.0085],
        [ 0.0095]])
2024-06-18 02:07:45,979:INFO:tensor([[ 0.0146],
        [ 0.0033],
        [-0.0002],
        ...,
        [-0.0469],
        [-0.0402],
        [-0.0227]])
2024-06-18 02:07:45,993:INFO:tensor([[-0.0120],
        [-0.0084],
        [-0.0140],
        ...,
        [ 0.0275],
        [ 0.0428],
        [ 0.0374]])
2024-06-18 02:07:46,007:INFO:tensor([[0.0430],
        [0.0481],
        [0.0217],
        ...,
        [0.0612],
        [0.0431],
        [0.0346]])
2024-06-18 02:07:46,020:INFO:tensor([[ 0.0408],
        [ 0.0371],
        [ 0.0522],
        ...,
        [-0.0223],
        [-0.0043],
        [-0.0018]])
2024-06-18 02:07:46,035:INFO:tensor([[ 0.0045],
        [-0.0009],
        [-0.0121],
        ...,
        [ 0.0050],
        [ 0.0151],
        [ 0.0052]])
2024-06-18 02:07:46,049:INFO:tensor([[0.0141],
        [0.0119],
        [0.0208],
        ...,
        [0.0020],
        [0.0214],
        [0.0127]])
2024-06-18 02:07:46,063:INFO:tensor([[0.0258],
        [0.0061],
        [0.0127],
        ...,
        [0.0076],
        [0.0040],
        [0.0216]])
2024-06-18 02:07:46,077:INFO:tensor([[ 0.0036],
        [ 0.0200],
        [ 0.0208],
        ...,
        [ 0.0028],
        [-0.0237],
        [-0.0306]])
2024-06-18 02:07:46,091:INFO:tensor([[-0.0121],
        [-0.0011],
        [-0.0116],
        ...,
        [ 0.0239],
        [ 0.0501],
        [ 0.0285]])
2024-06-18 02:07:46,152:INFO:tensor([[0.0298],
        [0.0058],
        [0.0097],
        ...,
        [0.0238],
        [0.0068],
        [0.0033]])
2024-06-18 02:07:46,167:INFO:tensor([[-0.0022],
        [-0.0158],
        [-0.0145],
        ...,
        [ 0.0119],
        [ 0.0202],
        [ 0.0261]])
2024-06-18 02:07:46,181:INFO:tensor([[ 0.0111],
        [ 0.0034],
        [-0.0007],
        ...,
        [ 0.0249],
        [ 0.0217],
        [ 0.0267]])
2024-06-18 02:07:46,194:INFO:tensor([[ 0.0252],
        [ 0.0096],
        [ 0.0019],
        ...,
        [ 0.0134],
        [ 0.0260],
        [-0.0008]])
2024-06-18 02:07:46,208:INFO:tensor([[-0.0308],
        [-0.0210],
        [-0.0013],
        ...,
        [ 0.0083],
        [ 0.0308],
        [ 0.0129]])
2024-06-18 02:07:46,222:INFO:tensor([[0.0072],
        [0.0425],
        [0.0324],
        ...,
        [0.0295],
        [0.0277],
        [0.0276]])
2024-06-18 02:07:46,236:INFO:tensor([[0.0156],
        [0.0131],
        [0.0324],
        ...,
        [0.0102],
        [0.0089],
        [0.0163]])
2024-06-18 02:07:46,249:INFO:tensor([[-0.0107],
        [-0.0103],
        [ 0.0155],
        ...,
        [ 0.0055],
        [ 0.0355],
        [ 0.0240]])
2024-06-18 02:07:46,263:INFO:tensor([[ 0.0345],
        [ 0.0349],
        [-0.0037],
        ...,
        [ 0.0137],
        [ 0.0394],
        [ 0.0502]])
2024-06-18 02:07:46,276:INFO:tensor([[0.0436],
        [0.0537],
        [0.0516],
        ...,
        [0.0119],
        [0.0177],
        [0.0605]])
2024-06-18 02:07:46,291:INFO:tensor([[0.0456],
        [0.0279],
        [0.0282],
        ...,
        [0.0118],
        [0.0027],
        [0.0056]])
2024-06-18 02:07:46,305:INFO:tensor([[-0.0023],
        [ 0.0045],
        [ 0.0072],
        ...,
        [ 0.0114],
        [ 0.0067],
        [ 0.0101]])
2024-06-18 02:07:46,318:INFO:tensor([[-0.0058],
        [-0.0102],
        [-0.0065],
        ...,
        [-0.0087],
        [-0.0110],
        [-0.0161]])
2024-06-18 02:07:46,332:INFO:tensor([[-0.0017],
        [-0.0332],
        [-0.0404],
        ...,
        [-0.0026],
        [ 0.0038],
        [-0.0005]])
2024-06-18 02:07:46,347:INFO:tensor([[-0.0139],
        [-0.0041],
        [ 0.0097],
        ...,
        [ 0.0065],
        [-0.0009],
        [ 0.0094]])
2024-06-18 02:07:46,362:INFO:tensor([[ 0.0028],
        [-0.0023],
        [-0.0009],
        ...,
        [ 0.0184],
        [ 0.0126],
        [ 0.0159]])
2024-06-18 02:07:46,378:INFO:tensor([[ 0.0220],
        [ 0.0122],
        [ 0.0133],
        ...,
        [ 0.0048],
        [-0.0149],
        [ 0.0100]])
2024-06-18 02:07:46,394:INFO:tensor([[0.0128],
        [0.0300],
        [0.0094],
        ...,
        [0.0019],
        [0.0061],
        [0.0120]])
2024-06-18 02:07:48,351:INFO:tensor([[ 0.0168],
        [ 0.0116],
        [-0.0049],
        ...,
        [ 0.0080],
        [ 0.0334],
        [ 0.0395]])
2024-06-18 02:07:48,366:INFO:tensor([[ 0.0302],
        [ 0.0391],
        [ 0.0374],
        ...,
        [-0.0127],
        [-0.0112],
        [-0.0243]])
2024-06-18 02:07:48,381:INFO:tensor([[ 0.0018],
        [-0.0022],
        [ 0.0086],
        ...,
        [-0.0164],
        [-0.0220],
        [ 0.0070]])
2024-06-18 02:07:48,395:INFO:tensor([[ 0.0076],
        [ 0.0310],
        [ 0.0194],
        ...,
        [ 0.0038],
        [ 0.0137],
        [-0.0002]])
2024-06-18 02:07:48,410:INFO:tensor([[-0.0409],
        [-0.0494],
        [-0.0522],
        ...,
        [ 0.0100],
        [ 0.0092],
        [ 0.0109]])
2024-06-18 02:07:48,424:INFO:tensor([[0.0194],
        [0.0151],
        [0.0158],
        ...,
        [0.0084],
        [0.0110],
        [0.0127]])
2024-06-18 02:07:48,439:INFO:tensor([[0.0166],
        [0.0239],
        [0.0180],
        ...,
        [0.0381],
        [0.0402],
        [0.0309]])
2024-06-18 02:07:48,454:INFO:tensor([[ 0.0400],
        [ 0.0384],
        [ 0.0331],
        ...,
        [-0.0043],
        [ 0.0153],
        [ 0.0235]])
2024-06-18 02:07:48,468:INFO:tensor([[0.0344],
        [0.0292],
        [0.0052],
        ...,
        [0.0354],
        [0.0311],
        [0.0291]])
2024-06-18 02:07:48,482:INFO:tensor([[ 0.0292],
        [ 0.0322],
        [ 0.0385],
        ...,
        [-0.0105],
        [-0.0094],
        [-0.0121]])
2024-06-18 02:07:48,497:INFO:tensor([[-0.0004],
        [ 0.0029],
        [-0.0003],
        ...,
        [ 0.0212],
        [ 0.0148],
        [ 0.0171]])
2024-06-18 02:07:48,511:INFO:tensor([[ 0.0007],
        [ 0.0052],
        [ 0.0093],
        ...,
        [-0.0010],
        [-0.0015],
        [ 0.0175]])
2024-06-18 02:07:48,574:INFO:tensor([[ 0.0144],
        [-0.0089],
        [ 0.0077],
        ...,
        [ 0.0018],
        [ 0.0086],
        [ 0.0164]])
2024-06-18 02:07:48,588:INFO:tensor([[ 0.0104],
        [ 0.0057],
        [ 0.0110],
        ...,
        [-0.0063],
        [-0.0101],
        [-0.0013]])
2024-06-18 02:07:48,602:INFO:tensor([[ 0.0082],
        [-0.0006],
        [ 0.0074],
        ...,
        [ 0.0360],
        [ 0.0344],
        [ 0.0490]])
2024-06-18 02:07:48,617:INFO:tensor([[ 0.0202],
        [ 0.0253],
        [ 0.0203],
        ...,
        [-0.0071],
        [-0.0052],
        [-0.0083]])
2024-06-18 02:07:48,630:INFO:tensor([[-0.0129],
        [-0.0100],
        [-0.0064],
        ...,
        [ 0.0090],
        [ 0.0094],
        [ 0.0090]])
2024-06-18 02:07:48,645:INFO:tensor([[0.0085],
        [0.0086],
        [0.0004],
        ...,
        [0.0185],
        [0.0194],
        [0.0176]])
2024-06-18 02:07:48,660:INFO:tensor([[0.0112],
        [0.0251],
        [0.0348],
        ...,
        [0.0371],
        [0.0182],
        [0.0224]])
2024-06-18 02:07:48,675:INFO:tensor([[ 0.0140],
        [ 0.0248],
        [ 0.0257],
        ...,
        [ 0.0148],
        [-0.0010],
        [-0.0073]])
2024-06-18 02:07:48,689:INFO:tensor([[-0.0007],
        [ 0.0060],
        [-0.0145],
        ...,
        [ 0.0162],
        [ 0.0331],
        [ 0.0248]])
2024-06-18 02:07:48,704:INFO:tensor([[0.0550],
        [0.0343],
        [0.0349],
        ...,
        [0.0143],
        [0.0322],
        [0.0224]])
2024-06-18 02:07:48,718:INFO:tensor([[0.0139],
        [0.0179],
        [0.0076],
        ...,
        [0.0147],
        [0.0268],
        [0.0329]])
2024-06-18 02:07:48,733:INFO:tensor([[ 0.0116],
        [ 0.0383],
        [ 0.0332],
        ...,
        [-0.0040],
        [ 0.0157],
        [ 0.0234]])
2024-06-18 02:07:48,748:INFO:tensor([[0.0242],
        [0.0108],
        [0.0122],
        ...,
        [0.0225],
        [0.0251],
        [0.0192]])
2024-06-18 02:07:48,763:INFO:tensor([[ 0.0199],
        [ 0.0174],
        [ 0.0219],
        ...,
        [-0.0105],
        [-0.0207],
        [-0.0183]])
2024-06-18 02:07:48,778:INFO:tensor([[-0.0026],
        [-0.0024],
        [ 0.0065],
        ...,
        [ 0.0103],
        [ 0.0299],
        [ 0.0221]])
2024-06-18 02:07:48,792:INFO:tensor([[ 0.0235],
        [ 0.0190],
        [-0.0105],
        ...,
        [ 0.0272],
        [ 0.0251],
        [ 0.0275]])
2024-06-18 02:07:48,806:INFO:tensor([[0.0200],
        [0.0101],
        [0.0145],
        ...,
        [0.0056],
        [0.0175],
        [0.0226]])
2024-06-18 02:07:48,820:INFO:tensor([[0.0284],
        [0.0341],
        [0.0282],
        ...,
        [0.0377],
        [0.0124],
        [0.0009]])
2024-06-18 02:07:48,834:INFO:tensor([[-0.0034],
        [ 0.0047],
        [ 0.0115],
        ...,
        [-0.0052],
        [ 0.0077],
        [ 0.0079]])
2024-06-18 02:07:48,893:INFO:tensor([[ 0.0135],
        [ 0.0026],
        [-0.0006],
        ...,
        [-0.0469],
        [-0.0383],
        [-0.0236]])
2024-06-18 02:07:48,907:INFO:tensor([[-0.0192],
        [-0.0181],
        [-0.0184],
        ...,
        [ 0.0219],
        [ 0.0404],
        [ 0.0325]])
2024-06-18 02:07:48,921:INFO:tensor([[0.0402],
        [0.0423],
        [0.0150],
        ...,
        [0.0662],
        [0.0458],
        [0.0386]])
2024-06-18 02:07:48,935:INFO:tensor([[ 0.0413],
        [ 0.0414],
        [ 0.0490],
        ...,
        [-0.0257],
        [-0.0054],
        [-0.0020]])
2024-06-18 02:07:48,949:INFO:tensor([[ 0.0019],
        [-0.0027],
        [-0.0137],
        ...,
        [ 0.0067],
        [ 0.0145],
        [ 0.0096]])
2024-06-18 02:07:48,963:INFO:tensor([[0.0161],
        [0.0166],
        [0.0210],
        ...,
        [0.0113],
        [0.0282],
        [0.0201]])
2024-06-18 02:07:48,977:INFO:tensor([[0.0335],
        [0.0098],
        [0.0218],
        ...,
        [0.0108],
        [0.0061],
        [0.0248]])
2024-06-18 02:07:48,992:INFO:tensor([[ 0.0111],
        [ 0.0258],
        [ 0.0257],
        ...,
        [-0.0020],
        [-0.0297],
        [-0.0337]])
2024-06-18 02:07:49,006:INFO:tensor([[-0.0177],
        [-0.0036],
        [-0.0169],
        ...,
        [ 0.0406],
        [ 0.0671],
        [ 0.0483]])
2024-06-18 02:07:49,020:INFO:tensor([[ 0.0473],
        [ 0.0238],
        [ 0.0252],
        ...,
        [ 0.0229],
        [ 0.0030],
        [-0.0021]])
2024-06-18 02:07:49,034:INFO:tensor([[-0.0062],
        [-0.0186],
        [-0.0189],
        ...,
        [ 0.0151],
        [ 0.0198],
        [ 0.0256]])
2024-06-18 02:07:49,047:INFO:tensor([[ 0.0124],
        [ 0.0050],
        [-0.0007],
        ...,
        [ 0.0344],
        [ 0.0341],
        [ 0.0389]])
2024-06-18 02:07:49,060:INFO:tensor([[0.0328],
        [0.0189],
        [0.0057],
        ...,
        [0.0202],
        [0.0306],
        [0.0067]])
2024-06-18 02:07:49,074:INFO:tensor([[-0.0252],
        [-0.0156],
        [ 0.0075],
        ...,
        [ 0.0116],
        [ 0.0300],
        [ 0.0172]])
2024-06-18 02:07:49,088:INFO:tensor([[0.0132],
        [0.0485],
        [0.0370],
        ...,
        [0.0249],
        [0.0269],
        [0.0226]])
2024-06-18 02:07:49,101:INFO:tensor([[0.0127],
        [0.0110],
        [0.0252],
        ...,
        [0.0164],
        [0.0157],
        [0.0160]])
2024-06-18 02:07:49,115:INFO:tensor([[-0.0061],
        [-0.0029],
        [ 0.0191],
        ...,
        [ 0.0018],
        [ 0.0387],
        [ 0.0229]])
2024-06-18 02:07:49,129:INFO:tensor([[ 0.0343],
        [ 0.0342],
        [-0.0050],
        ...,
        [ 0.0152],
        [ 0.0437],
        [ 0.0520]])
2024-06-18 02:07:49,143:INFO:tensor([[0.0467],
        [0.0577],
        [0.0530],
        ...,
        [0.0164],
        [0.0216],
        [0.0706]])
2024-06-18 02:07:49,203:INFO:tensor([[0.0558],
        [0.0360],
        [0.0314],
        ...,
        [0.0189],
        [0.0038],
        [0.0052]])
2024-06-18 02:07:49,217:INFO:tensor([[-0.0018],
        [ 0.0057],
        [ 0.0083],
        ...,
        [ 0.0048],
        [ 0.0081],
        [ 0.0073]])
2024-06-18 02:07:49,231:INFO:tensor([[-0.0108],
        [-0.0163],
        [-0.0058],
        ...,
        [ 0.0030],
        [-0.0030],
        [-0.0098]])
2024-06-18 02:07:49,246:INFO:tensor([[ 0.0051],
        [-0.0294],
        [-0.0405],
        ...,
        [ 0.0095],
        [ 0.0136],
        [ 0.0091]])
2024-06-18 02:07:49,260:INFO:tensor([[-0.0108],
        [ 0.0054],
        [ 0.0210],
        ...,
        [ 0.0020],
        [-0.0012],
        [ 0.0062]])
2024-06-18 02:07:49,274:INFO:tensor([[-0.0011],
        [-0.0014],
        [-0.0027],
        ...,
        [ 0.0172],
        [ 0.0109],
        [ 0.0146]])
2024-06-18 02:07:49,288:INFO:tensor([[ 0.0194],
        [ 0.0079],
        [ 0.0167],
        ...,
        [ 0.0061],
        [-0.0058],
        [ 0.0149]])
2024-06-18 02:07:49,302:INFO:tensor([[ 0.0178],
        [ 0.0284],
        [ 0.0167],
        ...,
        [-0.0054],
        [ 0.0012],
        [ 0.0133]])
2024-06-18 02:07:51,186:INFO:tensor([[ 0.0140],
        [ 0.0089],
        [-0.0076],
        ...,
        [ 0.0074],
        [ 0.0230],
        [ 0.0275]])
2024-06-18 02:07:51,204:INFO:tensor([[ 0.0216],
        [ 0.0286],
        [ 0.0282],
        ...,
        [-0.0208],
        [-0.0145],
        [-0.0236]])
2024-06-18 02:07:51,220:INFO:tensor([[ 0.0002],
        [-0.0059],
        [ 0.0062],
        ...,
        [-0.0106],
        [-0.0133],
        [ 0.0122]])
2024-06-18 02:07:51,236:INFO:tensor([[0.0121],
        [0.0272],
        [0.0198],
        ...,
        [0.0044],
        [0.0148],
        [0.0025]])
2024-06-18 02:07:51,252:INFO:tensor([[-0.0539],
        [-0.0517],
        [-0.0535],
        ...,
        [ 0.0058],
        [ 0.0029],
        [ 0.0058]])
2024-06-18 02:07:51,268:INFO:tensor([[0.0155],
        [0.0106],
        [0.0102],
        ...,
        [0.0032],
        [0.0051],
        [0.0033]])
2024-06-18 02:07:51,285:INFO:tensor([[0.0113],
        [0.0181],
        [0.0117],
        ...,
        [0.0312],
        [0.0292],
        [0.0253]])
2024-06-18 02:07:51,302:INFO:tensor([[ 0.0287],
        [ 0.0375],
        [ 0.0254],
        ...,
        [-0.0074],
        [ 0.0097],
        [ 0.0190]])
2024-06-18 02:07:51,320:INFO:tensor([[0.0249],
        [0.0234],
        [0.0019],
        ...,
        [0.0342],
        [0.0277],
        [0.0254]])
2024-06-18 02:07:51,335:INFO:tensor([[ 0.0273],
        [ 0.0266],
        [ 0.0328],
        ...,
        [-0.0104],
        [-0.0087],
        [-0.0134]])
2024-06-18 02:07:51,352:INFO:tensor([[-0.0014],
        [ 0.0017],
        [ 0.0002],
        ...,
        [ 0.0136],
        [ 0.0103],
        [ 0.0136]])
2024-06-18 02:07:51,369:INFO:tensor([[-0.0009],
        [ 0.0010],
        [ 0.0060],
        ...,
        [-0.0057],
        [-0.0058],
        [ 0.0054]])
2024-06-18 02:07:51,386:INFO:tensor([[ 0.0027],
        [-0.0170],
        [ 0.0037],
        ...,
        [-0.0061],
        [-0.0005],
        [ 0.0056]])
2024-06-18 02:07:51,403:INFO:tensor([[ 0.0048],
        [ 0.0027],
        [ 0.0083],
        ...,
        [-0.0100],
        [-0.0130],
        [-0.0053]])
2024-06-18 02:07:51,418:INFO:tensor([[ 0.0013],
        [-0.0060],
        [ 0.0022],
        ...,
        [ 0.0302],
        [ 0.0302],
        [ 0.0429]])
2024-06-18 02:07:51,489:INFO:tensor([[ 0.0149],
        [ 0.0193],
        [ 0.0152],
        ...,
        [-0.0046],
        [-0.0036],
        [-0.0064]])
2024-06-18 02:07:51,506:INFO:tensor([[-0.0117],
        [-0.0084],
        [-0.0055],
        ...,
        [ 0.0075],
        [ 0.0074],
        [ 0.0060]])
2024-06-18 02:07:51,522:INFO:tensor([[ 0.0056],
        [ 0.0016],
        [-0.0029],
        ...,
        [ 0.0122],
        [ 0.0128],
        [ 0.0125]])
2024-06-18 02:07:51,539:INFO:tensor([[0.0077],
        [0.0190],
        [0.0274],
        ...,
        [0.0386],
        [0.0225],
        [0.0273]])
2024-06-18 02:07:51,555:INFO:tensor([[ 0.0170],
        [ 0.0239],
        [ 0.0231],
        ...,
        [ 0.0123],
        [-0.0062],
        [-0.0109]])
2024-06-18 02:07:51,571:INFO:tensor([[-0.0036],
        [ 0.0021],
        [-0.0195],
        ...,
        [ 0.0154],
        [ 0.0338],
        [ 0.0197]])
2024-06-18 02:07:51,589:INFO:tensor([[0.0570],
        [0.0388],
        [0.0332],
        ...,
        [0.0099],
        [0.0227],
        [0.0127]])
2024-06-18 02:07:51,607:INFO:tensor([[0.0094],
        [0.0114],
        [0.0034],
        ...,
        [0.0117],
        [0.0233],
        [0.0263]])
2024-06-18 02:07:51,623:INFO:tensor([[ 0.0093],
        [ 0.0300],
        [ 0.0265],
        ...,
        [-0.0116],
        [ 0.0106],
        [ 0.0190]])
2024-06-18 02:07:51,639:INFO:tensor([[0.0221],
        [0.0146],
        [0.0150],
        ...,
        [0.0160],
        [0.0190],
        [0.0131]])
2024-06-18 02:07:51,656:INFO:tensor([[ 0.0134],
        [ 0.0117],
        [ 0.0158],
        ...,
        [-0.0102],
        [-0.0193],
        [-0.0161]])
2024-06-18 02:07:51,673:INFO:tensor([[ 0.0013],
        [-0.0023],
        [ 0.0059],
        ...,
        [ 0.0101],
        [ 0.0286],
        [ 0.0231]])
2024-06-18 02:07:51,688:INFO:tensor([[ 0.0234],
        [ 0.0161],
        [-0.0120],
        ...,
        [ 0.0200],
        [ 0.0190],
        [ 0.0206]])
2024-06-18 02:07:51,706:INFO:tensor([[0.0154],
        [0.0060],
        [0.0098],
        ...,
        [0.0088],
        [0.0226],
        [0.0284]])
2024-06-18 02:07:51,721:INFO:tensor([[0.0347],
        [0.0419],
        [0.0312],
        ...,
        [0.0314],
        [0.0086],
        [0.0033]])
2024-06-18 02:07:51,795:INFO:tensor([[-0.0026],
        [ 0.0090],
        [ 0.0151],
        ...,
        [-0.0075],
        [ 0.0037],
        [ 0.0045]])
2024-06-18 02:07:51,812:INFO:tensor([[ 0.0102],
        [-0.0002],
        [-0.0026],
        ...,
        [-0.0448],
        [-0.0360],
        [-0.0276]])
2024-06-18 02:07:51,828:INFO:tensor([[-0.0249],
        [-0.0249],
        [-0.0222],
        ...,
        [ 0.0143],
        [ 0.0329],
        [ 0.0247]])
2024-06-18 02:07:51,845:INFO:tensor([[0.0328],
        [0.0355],
        [0.0091],
        ...,
        [0.0652],
        [0.0433],
        [0.0380]])
2024-06-18 02:07:51,862:INFO:tensor([[ 0.0390],
        [ 0.0417],
        [ 0.0416],
        ...,
        [-0.0325],
        [-0.0105],
        [-0.0040]])
2024-06-18 02:07:51,879:INFO:tensor([[-0.0047],
        [-0.0064],
        [-0.0188],
        ...,
        [ 0.0070],
        [ 0.0115],
        [ 0.0133]])
2024-06-18 02:07:51,896:INFO:tensor([[0.0147],
        [0.0170],
        [0.0186],
        ...,
        [0.0131],
        [0.0276],
        [0.0211]])
2024-06-18 02:07:51,913:INFO:tensor([[0.0335],
        [0.0083],
        [0.0218],
        ...,
        [0.0041],
        [0.0023],
        [0.0190]])
2024-06-18 02:07:51,929:INFO:tensor([[ 0.0096],
        [ 0.0234],
        [ 0.0227],
        ...,
        [-0.0133],
        [-0.0381],
        [-0.0402]])
2024-06-18 02:07:51,944:INFO:tensor([[-0.0229],
        [-0.0132],
        [-0.0315],
        ...,
        [ 0.0420],
        [ 0.0686],
        [ 0.0531]])
2024-06-18 02:07:51,961:INFO:tensor([[ 0.0539],
        [ 0.0233],
        [ 0.0256],
        ...,
        [ 0.0212],
        [ 0.0013],
        [-0.0049]])
2024-06-18 02:07:51,977:INFO:tensor([[-0.0137],
        [-0.0199],
        [-0.0265],
        ...,
        [ 0.0123],
        [ 0.0153],
        [ 0.0215]])
2024-06-18 02:07:51,993:INFO:tensor([[ 0.0096],
        [ 0.0041],
        [-0.0015],
        ...,
        [ 0.0325],
        [ 0.0309],
        [ 0.0353]])
2024-06-18 02:07:52,010:INFO:tensor([[0.0269],
        [0.0175],
        [0.0059],
        ...,
        [0.0262],
        [0.0322],
        [0.0083]])
2024-06-18 02:07:52,027:INFO:tensor([[-0.0219],
        [-0.0142],
        [ 0.0161],
        ...,
        [ 0.0133],
        [ 0.0266],
        [ 0.0166]])
2024-06-18 02:07:52,097:INFO:tensor([[0.0133],
        [0.0486],
        [0.0354],
        ...,
        [0.0189],
        [0.0205],
        [0.0165]])
2024-06-18 02:07:52,113:INFO:tensor([[0.0094],
        [0.0070],
        [0.0191],
        ...,
        [0.0194],
        [0.0172],
        [0.0177]])
2024-06-18 02:07:52,129:INFO:tensor([[-0.0034],
        [ 0.0014],
        [ 0.0218],
        ...,
        [-0.0008],
        [ 0.0373],
        [ 0.0204]])
2024-06-18 02:07:52,144:INFO:tensor([[ 0.0322],
        [ 0.0294],
        [-0.0064],
        ...,
        [ 0.0115],
        [ 0.0435],
        [ 0.0487]])
2024-06-18 02:07:52,159:INFO:tensor([[0.0438],
        [0.0541],
        [0.0521],
        ...,
        [0.0181],
        [0.0225],
        [0.0756]])
2024-06-18 02:07:52,174:INFO:tensor([[0.0593],
        [0.0369],
        [0.0331],
        ...,
        [0.0198],
        [0.0024],
        [0.0056]])
2024-06-18 02:07:52,190:INFO:tensor([[0.0024],
        [0.0069],
        [0.0084],
        ...,
        [0.0005],
        [0.0072],
        [0.0034]])
2024-06-18 02:07:52,206:INFO:tensor([[-0.0144],
        [-0.0265],
        [-0.0101],
        ...,
        [ 0.0003],
        [ 0.0006],
        [-0.0068]])
2024-06-18 02:07:52,221:INFO:tensor([[ 0.0047],
        [-0.0295],
        [-0.0404],
        ...,
        [ 0.0128],
        [ 0.0141],
        [ 0.0111]])
2024-06-18 02:07:52,237:INFO:tensor([[-0.0026],
        [ 0.0102],
        [ 0.0256],
        ...,
        [-0.0070],
        [-0.0062],
        [-0.0019]])
2024-06-18 02:07:52,253:INFO:tensor([[-0.0071],
        [-0.0080],
        [-0.0044],
        ...,
        [ 0.0080],
        [ 0.0014],
        [ 0.0057]])
2024-06-18 02:07:52,269:INFO:tensor([[ 0.0101],
        [-0.0017],
        [ 0.0144],
        ...,
        [ 0.0022],
        [-0.0027],
        [ 0.0115]])
2024-06-18 02:07:52,286:INFO:tensor([[ 0.0121],
        [ 0.0207],
        [ 0.0163],
        ...,
        [-0.0109],
        [-0.0041],
        [ 0.0112]])
2024-06-18 02:07:54,299:INFO:tensor([[ 0.0132],
        [ 0.0068],
        [-0.0106],
        ...,
        [ 0.0053],
        [ 0.0180],
        [ 0.0220]])
2024-06-18 02:07:54,313:INFO:tensor([[ 0.0161],
        [ 0.0218],
        [ 0.0230],
        ...,
        [-0.0279],
        [-0.0195],
        [-0.0269]])
2024-06-18 02:07:54,327:INFO:tensor([[-0.0036],
        [-0.0094],
        [ 0.0021],
        ...,
        [-0.0105],
        [-0.0126],
        [ 0.0121]])
2024-06-18 02:07:54,341:INFO:tensor([[0.0104],
        [0.0252],
        [0.0174],
        ...,
        [0.0035],
        [0.0130],
        [0.0009]])
2024-06-18 02:07:54,355:INFO:tensor([[-0.0625],
        [-0.0591],
        [-0.0604],
        ...,
        [-0.0011],
        [ 0.0017],
        [ 0.0044]])
2024-06-18 02:07:54,370:INFO:tensor([[0.0134],
        [0.0090],
        [0.0084],
        ...,
        [0.0006],
        [0.0022],
        [0.0010]])
2024-06-18 02:07:54,384:INFO:tensor([[0.0087],
        [0.0161],
        [0.0102],
        ...,
        [0.0247],
        [0.0238],
        [0.0211]])
2024-06-18 02:07:54,397:INFO:tensor([[ 0.0226],
        [ 0.0354],
        [ 0.0228],
        ...,
        [-0.0085],
        [ 0.0063],
        [ 0.0165]])
2024-06-18 02:07:54,411:INFO:tensor([[0.0164],
        [0.0187],
        [0.0008],
        ...,
        [0.0256],
        [0.0186],
        [0.0172]])
2024-06-18 02:07:54,425:INFO:tensor([[ 0.0196],
        [ 0.0180],
        [ 0.0226],
        ...,
        [-0.0112],
        [-0.0094],
        [-0.0118]])
2024-06-18 02:07:54,439:INFO:tensor([[-0.0025],
        [ 0.0002],
        [-0.0008],
        ...,
        [ 0.0098],
        [ 0.0069],
        [ 0.0106]])
2024-06-18 02:07:54,454:INFO:tensor([[-0.0036],
        [-0.0025],
        [ 0.0039],
        ...,
        [-0.0154],
        [-0.0146],
        [-0.0049]])
2024-06-18 02:07:54,514:INFO:tensor([[-0.0044],
        [-0.0238],
        [-0.0005],
        ...,
        [-0.0086],
        [-0.0026],
        [ 0.0007]])
2024-06-18 02:07:54,529:INFO:tensor([[ 0.0004],
        [-0.0011],
        [ 0.0046],
        ...,
        [-0.0109],
        [-0.0188],
        [-0.0070]])
2024-06-18 02:07:54,543:INFO:tensor([[-0.0007],
        [-0.0078],
        [ 0.0003],
        ...,
        [ 0.0234],
        [ 0.0242],
        [ 0.0344]])
2024-06-18 02:07:54,557:INFO:tensor([[ 0.0124],
        [ 0.0169],
        [ 0.0118],
        ...,
        [-0.0047],
        [-0.0070],
        [-0.0087]])
2024-06-18 02:07:54,572:INFO:tensor([[-0.0167],
        [-0.0123],
        [-0.0093],
        ...,
        [ 0.0048],
        [ 0.0066],
        [ 0.0037]])
2024-06-18 02:07:54,586:INFO:tensor([[ 0.0037],
        [ 0.0007],
        [-0.0032],
        ...,
        [ 0.0087],
        [ 0.0088],
        [ 0.0057]])
2024-06-18 02:07:54,599:INFO:tensor([[0.0012],
        [0.0115],
        [0.0231],
        ...,
        [0.0325],
        [0.0194],
        [0.0222]])
2024-06-18 02:07:54,613:INFO:tensor([[ 0.0107],
        [ 0.0170],
        [ 0.0159],
        ...,
        [ 0.0002],
        [-0.0199],
        [-0.0224]])
2024-06-18 02:07:54,626:INFO:tensor([[-0.0131],
        [-0.0063],
        [-0.0300],
        ...,
        [ 0.0109],
        [ 0.0279],
        [ 0.0176]])
2024-06-18 02:07:54,641:INFO:tensor([[0.0521],
        [0.0354],
        [0.0300],
        ...,
        [0.0054],
        [0.0126],
        [0.0064]])
2024-06-18 02:07:54,654:INFO:tensor([[ 0.0023],
        [ 0.0066],
        [-0.0052],
        ...,
        [ 0.0052],
        [ 0.0182],
        [ 0.0221]])
2024-06-18 02:07:54,668:INFO:tensor([[ 0.0044],
        [ 0.0239],
        [ 0.0230],
        ...,
        [-0.0113],
        [ 0.0095],
        [ 0.0167]])
2024-06-18 02:07:54,682:INFO:tensor([[0.0261],
        [0.0176],
        [0.0138],
        ...,
        [0.0121],
        [0.0157],
        [0.0111]])
2024-06-18 02:07:54,696:INFO:tensor([[ 0.0105],
        [ 0.0096],
        [ 0.0133],
        ...,
        [-0.0153],
        [-0.0234],
        [-0.0175]])
2024-06-18 02:07:54,710:INFO:tensor([[ 0.0012],
        [-0.0017],
        [ 0.0061],
        ...,
        [ 0.0041],
        [ 0.0230],
        [ 0.0142]])
2024-06-18 02:07:54,724:INFO:tensor([[ 0.0133],
        [ 0.0083],
        [-0.0144],
        ...,
        [ 0.0147],
        [ 0.0124],
        [ 0.0158]])
2024-06-18 02:07:54,737:INFO:tensor([[0.0107],
        [0.0018],
        [0.0051],
        ...,
        [0.0071],
        [0.0200],
        [0.0286]])
2024-06-18 02:07:54,751:INFO:tensor([[ 0.0355],
        [ 0.0439],
        [ 0.0320],
        ...,
        [ 0.0199],
        [ 0.0067],
        [-0.0010]])
2024-06-18 02:07:54,765:INFO:tensor([[-0.0079],
        [ 0.0036],
        [ 0.0126],
        ...,
        [-0.0105],
        [ 0.0001],
        [ 0.0013]])
2024-06-18 02:07:54,779:INFO:tensor([[ 0.0061],
        [-0.0045],
        [-0.0056],
        ...,
        [-0.0450],
        [-0.0367],
        [-0.0266]])
2024-06-18 02:07:54,792:INFO:tensor([[-0.0247],
        [-0.0273],
        [-0.0203],
        ...,
        [ 0.0075],
        [ 0.0266],
        [ 0.0211]])
2024-06-18 02:07:54,852:INFO:tensor([[0.0264],
        [0.0313],
        [0.0110],
        ...,
        [0.0649],
        [0.0403],
        [0.0346]])
2024-06-18 02:07:54,867:INFO:tensor([[ 0.0334],
        [ 0.0366],
        [ 0.0325],
        ...,
        [-0.0387],
        [-0.0120],
        [-0.0047]])
2024-06-18 02:07:54,881:INFO:tensor([[-0.0142],
        [-0.0115],
        [-0.0228],
        ...,
        [ 0.0046],
        [ 0.0083],
        [ 0.0138]])
2024-06-18 02:07:54,895:INFO:tensor([[0.0120],
        [0.0167],
        [0.0171],
        ...,
        [0.0132],
        [0.0241],
        [0.0177]])
2024-06-18 02:07:54,911:INFO:tensor([[ 0.0291],
        [ 0.0030],
        [ 0.0165],
        ...,
        [-0.0099],
        [-0.0040],
        [ 0.0124]])
2024-06-18 02:07:54,925:INFO:tensor([[ 0.0031],
        [ 0.0144],
        [ 0.0169],
        ...,
        [-0.0185],
        [-0.0430],
        [-0.0451]])
2024-06-18 02:07:54,939:INFO:tensor([[-0.0286],
        [-0.0193],
        [-0.0398],
        ...,
        [ 0.0409],
        [ 0.0664],
        [ 0.0544]])
2024-06-18 02:07:54,954:INFO:tensor([[ 0.0561],
        [ 0.0187],
        [ 0.0210],
        ...,
        [ 0.0171],
        [-0.0057],
        [-0.0142]])
2024-06-18 02:07:54,967:INFO:tensor([[-0.0183],
        [-0.0260],
        [-0.0363],
        ...,
        [ 0.0112],
        [ 0.0137],
        [ 0.0200]])
2024-06-18 02:07:54,981:INFO:tensor([[ 0.0090],
        [ 0.0034],
        [-0.0052],
        ...,
        [ 0.0232],
        [ 0.0209],
        [ 0.0249]])
2024-06-18 02:07:54,995:INFO:tensor([[0.0166],
        [0.0089],
        [0.0019],
        ...,
        [0.0235],
        [0.0321],
        [0.0006]])
2024-06-18 02:07:55,010:INFO:tensor([[-0.0300],
        [-0.0203],
        [ 0.0121],
        ...,
        [ 0.0088],
        [ 0.0239],
        [ 0.0118]])
2024-06-18 02:07:55,024:INFO:tensor([[0.0094],
        [0.0443],
        [0.0337],
        ...,
        [0.0188],
        [0.0201],
        [0.0149]])
2024-06-18 02:07:55,039:INFO:tensor([[0.0077],
        [0.0058],
        [0.0143],
        ...,
        [0.0178],
        [0.0180],
        [0.0193]])
2024-06-18 02:07:55,053:INFO:tensor([[-0.0067],
        [ 0.0024],
        [ 0.0218],
        ...,
        [-0.0085],
        [ 0.0300],
        [ 0.0178]])
2024-06-18 02:07:55,113:INFO:tensor([[ 0.0260],
        [ 0.0252],
        [-0.0081],
        ...,
        [ 0.0055],
        [ 0.0380],
        [ 0.0413]])
2024-06-18 02:07:55,128:INFO:tensor([[0.0361],
        [0.0496],
        [0.0438],
        ...,
        [0.0168],
        [0.0195],
        [0.0725]])
2024-06-18 02:07:55,141:INFO:tensor([[0.0531],
        [0.0343],
        [0.0305],
        ...,
        [0.0235],
        [0.0051],
        [0.0077]])
2024-06-18 02:07:55,155:INFO:tensor([[ 0.0009],
        [ 0.0030],
        [ 0.0045],
        ...,
        [-0.0151],
        [-0.0020],
        [-0.0066]])
2024-06-18 02:07:55,170:INFO:tensor([[-0.0251],
        [-0.0436],
        [-0.0175],
        ...,
        [-0.0024],
        [-0.0039],
        [-0.0093]])
2024-06-18 02:07:55,184:INFO:tensor([[ 0.0056],
        [-0.0340],
        [-0.0442],
        ...,
        [ 0.0112],
        [ 0.0120],
        [ 0.0078]])
2024-06-18 02:07:55,199:INFO:tensor([[-0.0049],
        [ 0.0104],
        [ 0.0239],
        ...,
        [-0.0080],
        [-0.0075],
        [-0.0056]])
2024-06-18 02:07:55,213:INFO:tensor([[-0.0096],
        [-0.0138],
        [-0.0074],
        ...,
        [ 0.0023],
        [-0.0021],
        [ 0.0027]])
2024-06-18 02:07:55,226:INFO:tensor([[ 0.0080],
        [-0.0007],
        [ 0.0149],
        ...,
        [ 0.0004],
        [-0.0074],
        [ 0.0065]])
2024-06-18 02:07:55,240:INFO:tensor([[ 0.0106],
        [ 0.0177],
        [ 0.0127],
        ...,
        [-0.0170],
        [-0.0125],
        [ 0.0020]])
2024-06-18 02:07:57,197:INFO:tensor([[ 0.0104],
        [ 0.0029],
        [-0.0142],
        ...,
        [ 0.0005],
        [ 0.0140],
        [ 0.0173]])
2024-06-18 02:07:57,212:INFO:tensor([[ 0.0120],
        [ 0.0173],
        [ 0.0192],
        ...,
        [-0.0315],
        [-0.0205],
        [-0.0267]])
2024-06-18 02:07:57,226:INFO:tensor([[-0.0049],
        [-0.0114],
        [-0.0015],
        ...,
        [-0.0134],
        [-0.0148],
        [ 0.0096]])
2024-06-18 02:07:57,241:INFO:tensor([[ 0.0084],
        [ 0.0229],
        [ 0.0102],
        ...,
        [ 0.0010],
        [ 0.0112],
        [-0.0004]])
2024-06-18 02:07:57,255:INFO:tensor([[-0.0685],
        [-0.0677],
        [-0.0687],
        ...,
        [-0.0039],
        [-0.0019],
        [-0.0002]])
2024-06-18 02:07:57,270:INFO:tensor([[ 0.0092],
        [ 0.0064],
        [ 0.0058],
        ...,
        [-0.0044],
        [-0.0027],
        [-0.0049]])
2024-06-18 02:07:57,284:INFO:tensor([[0.0041],
        [0.0114],
        [0.0062],
        ...,
        [0.0201],
        [0.0200],
        [0.0179]])
2024-06-18 02:07:57,299:INFO:tensor([[ 0.0209],
        [ 0.0308],
        [ 0.0194],
        ...,
        [-0.0116],
        [ 0.0018],
        [ 0.0124]])
2024-06-18 02:07:57,314:INFO:tensor([[ 0.0099],
        [ 0.0123],
        [-0.0037],
        ...,
        [ 0.0165],
        [ 0.0085],
        [ 0.0082]])
2024-06-18 02:07:57,329:INFO:tensor([[ 0.0124],
        [ 0.0111],
        [ 0.0144],
        ...,
        [-0.0108],
        [-0.0095],
        [-0.0124]])
2024-06-18 02:07:57,343:INFO:tensor([[-0.0059],
        [-0.0018],
        [-0.0051],
        ...,
        [ 0.0076],
        [ 0.0054],
        [ 0.0096]])
2024-06-18 02:07:57,402:INFO:tensor([[-0.0042],
        [-0.0035],
        [ 0.0033],
        ...,
        [-0.0215],
        [-0.0204],
        [-0.0084]])
2024-06-18 02:07:57,416:INFO:tensor([[-0.0085],
        [-0.0310],
        [-0.0040],
        ...,
        [-0.0105],
        [-0.0065],
        [-0.0015]])
2024-06-18 02:07:57,429:INFO:tensor([[-0.0030],
        [-0.0042],
        [ 0.0008],
        ...,
        [-0.0141],
        [-0.0244],
        [-0.0102]])
2024-06-18 02:07:57,443:INFO:tensor([[-0.0039],
        [-0.0108],
        [-0.0017],
        ...,
        [ 0.0166],
        [ 0.0169],
        [ 0.0267]])
2024-06-18 02:07:57,457:INFO:tensor([[ 0.0090],
        [ 0.0135],
        [ 0.0065],
        ...,
        [-0.0060],
        [-0.0096],
        [-0.0106]])
2024-06-18 02:07:57,470:INFO:tensor([[-0.0197],
        [-0.0140],
        [-0.0115],
        ...,
        [ 0.0030],
        [ 0.0060],
        [ 0.0016]])
2024-06-18 02:07:57,484:INFO:tensor([[ 0.0018],
        [-0.0022],
        [-0.0061],
        ...,
        [ 0.0066],
        [ 0.0060],
        [ 0.0006]])
2024-06-18 02:07:57,497:INFO:tensor([[-0.0044],
        [ 0.0056],
        [ 0.0171],
        ...,
        [ 0.0166],
        [ 0.0032],
        [ 0.0082]])
2024-06-18 02:07:57,512:INFO:tensor([[-0.0037],
        [ 0.0031],
        [ 0.0005],
        ...,
        [-0.0149],
        [-0.0374],
        [-0.0423]])
2024-06-18 02:07:57,526:INFO:tensor([[-0.0313],
        [-0.0200],
        [-0.0487],
        ...,
        [-0.0019],
        [ 0.0158],
        [ 0.0065]])
2024-06-18 02:07:57,540:INFO:tensor([[0.0434],
        [0.0291],
        [0.0271],
        ...,
        [0.0031],
        [0.0094],
        [0.0039]])
2024-06-18 02:07:57,561:INFO:tensor([[-0.0001],
        [ 0.0039],
        [-0.0067],
        ...,
        [-0.0014],
        [ 0.0121],
        [ 0.0189]])
2024-06-18 02:07:57,574:INFO:tensor([[-0.0011],
        [ 0.0192],
        [ 0.0197],
        ...,
        [-0.0169],
        [ 0.0059],
        [ 0.0139]])
2024-06-18 02:07:57,588:INFO:tensor([[0.0254],
        [0.0149],
        [0.0105],
        ...,
        [0.0073],
        [0.0092],
        [0.0062]])
2024-06-18 02:07:57,601:INFO:tensor([[ 0.0078],
        [ 0.0069],
        [ 0.0094],
        ...,
        [-0.0190],
        [-0.0262],
        [-0.0186]])
2024-06-18 02:07:57,616:INFO:tensor([[ 0.0013],
        [-0.0019],
        [ 0.0070],
        ...,
        [-0.0077],
        [ 0.0132],
        [ 0.0017]])
2024-06-18 02:07:57,633:INFO:tensor([[ 0.0024],
        [-0.0005],
        [-0.0211],
        ...,
        [ 0.0097],
        [ 0.0087],
        [ 0.0141]])
2024-06-18 02:07:57,696:INFO:tensor([[ 0.0086],
        [ 0.0002],
        [ 0.0018],
        ...,
        [-0.0046],
        [ 0.0080],
        [ 0.0187]])
2024-06-18 02:07:57,711:INFO:tensor([[ 0.0264],
        [ 0.0353],
        [ 0.0250],
        ...,
        [ 0.0164],
        [ 0.0030],
        [-0.0052]])
2024-06-18 02:07:57,727:INFO:tensor([[-0.0132],
        [-0.0029],
        [ 0.0075],
        ...,
        [-0.0128],
        [-0.0031],
        [-0.0008]])
2024-06-18 02:07:57,744:INFO:tensor([[ 0.0036],
        [-0.0065],
        [-0.0069],
        ...,
        [-0.0440],
        [-0.0366],
        [-0.0281]])
2024-06-18 02:07:57,760:INFO:tensor([[-0.0248],
        [-0.0285],
        [-0.0220],
        ...,
        [ 0.0005],
        [ 0.0205],
        [ 0.0165]])
2024-06-18 02:07:57,775:INFO:tensor([[0.0208],
        [0.0276],
        [0.0091],
        ...,
        [0.0560],
        [0.0296],
        [0.0229]])
2024-06-18 02:07:57,791:INFO:tensor([[ 0.0196],
        [ 0.0249],
        [ 0.0204],
        ...,
        [-0.0428],
        [-0.0139],
        [-0.0084]])
2024-06-18 02:07:57,809:INFO:tensor([[-0.0205],
        [-0.0156],
        [-0.0263],
        ...,
        [-0.0006],
        [ 0.0032],
        [ 0.0108]])
2024-06-18 02:07:57,824:INFO:tensor([[0.0077],
        [0.0131],
        [0.0122],
        ...,
        [0.0135],
        [0.0189],
        [0.0129]])
2024-06-18 02:07:57,839:INFO:tensor([[ 0.0244],
        [-0.0026],
        [ 0.0085],
        ...,
        [-0.0132],
        [-0.0098],
        [ 0.0090]])
2024-06-18 02:07:57,854:INFO:tensor([[ 0.0009],
        [ 0.0083],
        [ 0.0109],
        ...,
        [-0.0212],
        [-0.0459],
        [-0.0512]])
2024-06-18 02:07:57,868:INFO:tensor([[-0.0324],
        [-0.0248],
        [-0.0443],
        ...,
        [ 0.0351],
        [ 0.0617],
        [ 0.0534]])
2024-06-18 02:07:57,883:INFO:tensor([[ 0.0560],
        [ 0.0174],
        [ 0.0192],
        ...,
        [ 0.0129],
        [-0.0091],
        [-0.0178]])
2024-06-18 02:07:57,899:INFO:tensor([[-0.0223],
        [-0.0247],
        [-0.0400],
        ...,
        [ 0.0097],
        [ 0.0131],
        [ 0.0183]])
2024-06-18 02:07:57,914:INFO:tensor([[ 0.0090],
        [ 0.0026],
        [-0.0054],
        ...,
        [ 0.0117],
        [ 0.0109],
        [ 0.0145]])
2024-06-18 02:07:57,929:INFO:tensor([[ 0.0057],
        [-0.0003],
        [-0.0002],
        ...,
        [ 0.0183],
        [ 0.0293],
        [-0.0069]])
2024-06-18 02:07:57,943:INFO:tensor([[-0.0373],
        [-0.0241],
        [ 0.0055],
        ...,
        [ 0.0018],
        [ 0.0201],
        [ 0.0046]])
2024-06-18 02:07:57,957:INFO:tensor([[0.0014],
        [0.0395],
        [0.0285],
        ...,
        [0.0177],
        [0.0188],
        [0.0133]])
2024-06-18 02:07:57,971:INFO:tensor([[0.0060],
        [0.0057],
        [0.0089],
        ...,
        [0.0129],
        [0.0135],
        [0.0172]])
2024-06-18 02:07:58,034:INFO:tensor([[-0.0112],
        [-0.0020],
        [ 0.0185],
        ...,
        [-0.0168],
        [ 0.0193],
        [ 0.0080]])
2024-06-18 02:07:58,048:INFO:tensor([[ 0.0171],
        [ 0.0173],
        [-0.0153],
        ...,
        [ 0.0020],
        [ 0.0254],
        [ 0.0281]])
2024-06-18 02:07:58,063:INFO:tensor([[0.0255],
        [0.0406],
        [0.0275],
        ...,
        [0.0061],
        [0.0050],
        [0.0607]])
2024-06-18 02:07:58,077:INFO:tensor([[0.0452],
        [0.0222],
        [0.0211],
        ...,
        [0.0219],
        [0.0043],
        [0.0074]])
2024-06-18 02:07:58,091:INFO:tensor([[-0.0061],
        [-0.0042],
        [-0.0014],
        ...,
        [-0.0292],
        [-0.0113],
        [-0.0199]])
2024-06-18 02:07:58,105:INFO:tensor([[-0.0372],
        [-0.0572],
        [-0.0281],
        ...,
        [-0.0073],
        [-0.0089],
        [-0.0164]])
2024-06-18 02:07:58,120:INFO:tensor([[ 0.0005],
        [-0.0352],
        [-0.0536],
        ...,
        [ 0.0083],
        [ 0.0082],
        [ 0.0040]])
2024-06-18 02:07:58,136:INFO:tensor([[-0.0027],
        [ 0.0090],
        [ 0.0214],
        ...,
        [-0.0103],
        [-0.0114],
        [-0.0104]])
2024-06-18 02:07:58,149:INFO:tensor([[-0.0133],
        [-0.0199],
        [-0.0119],
        ...,
        [ 0.0005],
        [-0.0053],
        [-0.0010]])
2024-06-18 02:07:58,164:INFO:tensor([[ 0.0054],
        [-0.0007],
        [ 0.0085],
        ...,
        [-0.0012],
        [-0.0100],
        [ 0.0045]])
2024-06-18 02:07:58,178:INFO:tensor([[ 0.0059],
        [ 0.0140],
        [ 0.0093],
        ...,
        [-0.0242],
        [-0.0202],
        [-0.0058]])
2024-06-18 02:08:00,027:INFO:tensor([[ 0.0100],
        [ 0.0015],
        [-0.0135],
        ...,
        [-0.0006],
        [ 0.0122],
        [ 0.0154]])
2024-06-18 02:08:00,041:INFO:tensor([[ 0.0099],
        [ 0.0135],
        [ 0.0149],
        ...,
        [-0.0340],
        [-0.0203],
        [-0.0265]])
2024-06-18 02:08:00,055:INFO:tensor([[-0.0042],
        [-0.0124],
        [-0.0065],
        ...,
        [-0.0120],
        [-0.0173],
        [ 0.0113]])
2024-06-18 02:08:00,071:INFO:tensor([[ 0.0093],
        [ 0.0228],
        [ 0.0030],
        ...,
        [ 0.0014],
        [ 0.0071],
        [-0.0031]])
2024-06-18 02:08:00,085:INFO:tensor([[-0.0740],
        [-0.0751],
        [-0.0768],
        ...,
        [-0.0060],
        [-0.0057],
        [ 0.0006]])
2024-06-18 02:08:00,100:INFO:tensor([[ 0.0079],
        [ 0.0082],
        [ 0.0068],
        ...,
        [-0.0043],
        [-0.0046],
        [-0.0062]])
2024-06-18 02:08:00,114:INFO:tensor([[0.0033],
        [0.0131],
        [0.0062],
        ...,
        [0.0151],
        [0.0148],
        [0.0136]])
2024-06-18 02:08:00,128:INFO:tensor([[ 0.0197],
        [ 0.0272],
        [ 0.0181],
        ...,
        [-0.0101],
        [-0.0002],
        [ 0.0102]])
2024-06-18 02:08:00,142:INFO:tensor([[ 0.0080],
        [ 0.0108],
        [-0.0036],
        ...,
        [ 0.0177],
        [ 0.0089],
        [ 0.0077]])
2024-06-18 02:08:00,156:INFO:tensor([[ 0.0128],
        [ 0.0091],
        [ 0.0110],
        ...,
        [-0.0027],
        [-0.0006],
        [-0.0064]])
2024-06-18 02:08:00,170:INFO:tensor([[-0.0023],
        [ 0.0022],
        [-0.0026],
        ...,
        [ 0.0066],
        [ 0.0040],
        [ 0.0067]])
2024-06-18 02:08:00,233:INFO:tensor([[-0.0048],
        [-0.0053],
        [ 0.0027],
        ...,
        [-0.0272],
        [-0.0261],
        [-0.0149]])
2024-06-18 02:08:00,247:INFO:tensor([[-0.0127],
        [-0.0403],
        [-0.0074],
        ...,
        [-0.0057],
        [-0.0022],
        [ 0.0011]])
2024-06-18 02:08:00,260:INFO:tensor([[ 0.0002],
        [-0.0024],
        [ 0.0037],
        ...,
        [-0.0135],
        [-0.0227],
        [-0.0093]])
2024-06-18 02:08:00,274:INFO:tensor([[-0.0020],
        [-0.0092],
        [ 0.0003],
        ...,
        [ 0.0167],
        [ 0.0172],
        [ 0.0215]])
2024-06-18 02:08:00,287:INFO:tensor([[ 0.0113],
        [ 0.0114],
        [ 0.0085],
        ...,
        [-0.0061],
        [-0.0128],
        [-0.0135]])
2024-06-18 02:08:00,301:INFO:tensor([[-0.0234],
        [-0.0166],
        [-0.0140],
        ...,
        [ 0.0013],
        [ 0.0065],
        [-0.0003]])
2024-06-18 02:08:00,316:INFO:tensor([[ 0.0022],
        [-0.0020],
        [-0.0089],
        ...,
        [ 0.0003],
        [ 0.0013],
        [-0.0053]])
2024-06-18 02:08:00,331:INFO:tensor([[-9.1716e-03],
        [-9.9272e-05],
        [ 1.2999e-02],
        ...,
        [ 6.3883e-03],
        [-6.6029e-03],
        [ 6.0116e-04]])
2024-06-18 02:08:00,345:INFO:tensor([[-0.0144],
        [-0.0041],
        [-0.0106],
        ...,
        [-0.0233],
        [-0.0456],
        [-0.0559]])
2024-06-18 02:08:00,358:INFO:tensor([[-0.0444],
        [-0.0284],
        [-0.0640],
        ...,
        [-0.0108],
        [ 0.0064],
        [-0.0034]])
2024-06-18 02:08:00,372:INFO:tensor([[ 0.0417],
        [ 0.0239],
        [ 0.0252],
        ...,
        [-0.0011],
        [ 0.0068],
        [ 0.0007]])
2024-06-18 02:08:00,386:INFO:tensor([[-0.0037],
        [-0.0002],
        [-0.0100],
        ...,
        [-0.0097],
        [ 0.0071],
        [ 0.0156]])
2024-06-18 02:08:00,401:INFO:tensor([[-0.0061],
        [ 0.0148],
        [ 0.0174],
        ...,
        [-0.0152],
        [ 0.0079],
        [ 0.0179]])
2024-06-18 02:08:00,416:INFO:tensor([[0.0202],
        [0.0143],
        [0.0048],
        ...,
        [0.0031],
        [0.0052],
        [0.0028]])
2024-06-18 02:08:00,431:INFO:tensor([[ 0.0067],
        [ 0.0038],
        [ 0.0059],
        ...,
        [-0.0240],
        [-0.0309],
        [-0.0205]])
2024-06-18 02:08:00,495:INFO:tensor([[ 0.0006],
        [-0.0033],
        [ 0.0072],
        ...,
        [-0.0106],
        [ 0.0105],
        [-0.0072]])
2024-06-18 02:08:00,510:INFO:tensor([[-0.0053],
        [-0.0047],
        [-0.0240],
        ...,
        [ 0.0065],
        [ 0.0030],
        [ 0.0108]])
2024-06-18 02:08:00,525:INFO:tensor([[ 0.0053],
        [-0.0030],
        [-0.0026],
        ...,
        [-0.0122],
        [ 0.0011],
        [ 0.0132]])
2024-06-18 02:08:00,539:INFO:tensor([[ 0.0231],
        [ 0.0316],
        [ 0.0235],
        ...,
        [ 0.0188],
        [ 0.0060],
        [-0.0036]])
2024-06-18 02:08:00,553:INFO:tensor([[-0.0120],
        [-0.0005],
        [ 0.0093],
        ...,
        [-0.0135],
        [-0.0025],
        [ 0.0011]])
2024-06-18 02:08:00,571:INFO:tensor([[ 0.0063],
        [-0.0069],
        [-0.0064],
        ...,
        [-0.0407],
        [-0.0377],
        [-0.0261]])
2024-06-18 02:08:00,587:INFO:tensor([[-0.0221],
        [-0.0261],
        [-0.0168],
        ...,
        [-0.0024],
        [ 0.0204],
        [ 0.0169]])
2024-06-18 02:08:00,602:INFO:tensor([[0.0205],
        [0.0275],
        [0.0081],
        ...,
        [0.0480],
        [0.0242],
        [0.0165]])
2024-06-18 02:08:00,616:INFO:tensor([[ 0.0116],
        [ 0.0147],
        [ 0.0128],
        ...,
        [-0.0419],
        [-0.0131],
        [-0.0084]])
2024-06-18 02:08:00,632:INFO:tensor([[-0.0217],
        [-0.0163],
        [-0.0238],
        ...,
        [ 0.0007],
        [ 0.0037],
        [ 0.0133]])
2024-06-18 02:08:00,649:INFO:tensor([[0.0096],
        [0.0133],
        [0.0144],
        ...,
        [0.0162],
        [0.0204],
        [0.0144]])
2024-06-18 02:08:00,663:INFO:tensor([[ 0.0254],
        [-0.0005],
        [ 0.0091],
        ...,
        [-0.0176],
        [-0.0128],
        [ 0.0053]])
2024-06-18 02:08:00,677:INFO:tensor([[-0.0031],
        [ 0.0033],
        [ 0.0064],
        ...,
        [-0.0249],
        [-0.0478],
        [-0.0548]])
2024-06-18 02:08:00,691:INFO:tensor([[-0.0368],
        [-0.0307],
        [-0.0486],
        ...,
        [ 0.0289],
        [ 0.0589],
        [ 0.0556]])
2024-06-18 02:08:00,706:INFO:tensor([[ 0.0538],
        [ 0.0160],
        [ 0.0159],
        ...,
        [ 0.0124],
        [-0.0093],
        [-0.0185]])
2024-06-18 02:08:00,725:INFO:tensor([[-0.0217],
        [-0.0262],
        [-0.0402],
        ...,
        [ 0.0080],
        [ 0.0099],
        [ 0.0158]])
2024-06-18 02:08:00,742:INFO:tensor([[ 0.0106],
        [ 0.0020],
        [-0.0070],
        ...,
        [ 0.0031],
        [ 0.0051],
        [ 0.0098]])
2024-06-18 02:08:00,812:INFO:tensor([[-0.0012],
        [-0.0071],
        [-0.0053],
        ...,
        [ 0.0181],
        [ 0.0282],
        [-0.0136]])
2024-06-18 02:08:00,830:INFO:tensor([[-0.0454],
        [-0.0279],
        [ 0.0021],
        ...,
        [-0.0028],
        [ 0.0146],
        [-0.0027]])
2024-06-18 02:08:00,846:INFO:tensor([[-0.0053],
        [ 0.0358],
        [ 0.0206],
        ...,
        [ 0.0199],
        [ 0.0205],
        [ 0.0160]])
2024-06-18 02:08:00,862:INFO:tensor([[0.0078],
        [0.0059],
        [0.0100],
        ...,
        [0.0137],
        [0.0157],
        [0.0190]])
2024-06-18 02:08:00,878:INFO:tensor([[-0.0089],
        [ 0.0016],
        [ 0.0207],
        ...,
        [-0.0171],
        [ 0.0190],
        [ 0.0069]])
2024-06-18 02:08:00,895:INFO:tensor([[ 0.0161],
        [ 0.0164],
        [-0.0165],
        ...,
        [-0.0008],
        [ 0.0195],
        [ 0.0227]])
2024-06-18 02:08:00,910:INFO:tensor([[ 0.0204],
        [ 0.0353],
        [ 0.0180],
        ...,
        [-0.0036],
        [-0.0028],
        [ 0.0524]])
2024-06-18 02:08:00,926:INFO:tensor([[0.0365],
        [0.0137],
        [0.0092],
        ...,
        [0.0235],
        [0.0061],
        [0.0070]])
2024-06-18 02:08:00,942:INFO:tensor([[-0.0059],
        [-0.0058],
        [-0.0047],
        ...,
        [-0.0292],
        [-0.0162],
        [-0.0261]])
2024-06-18 02:08:00,958:INFO:tensor([[-0.0418],
        [-0.0645],
        [-0.0332],
        ...,
        [-0.0109],
        [-0.0141],
        [-0.0151]])
2024-06-18 02:08:00,974:INFO:tensor([[-0.0011],
        [-0.0422],
        [-0.0583],
        ...,
        [ 0.0100],
        [ 0.0053],
        [ 0.0043]])
2024-06-18 02:08:00,990:INFO:tensor([[-0.0009],
        [ 0.0086],
        [ 0.0198],
        ...,
        [-0.0100],
        [-0.0134],
        [-0.0137]])
2024-06-18 02:08:01,007:INFO:tensor([[-0.0148],
        [-0.0231],
        [-0.0143],
        ...,
        [-0.0016],
        [-0.0077],
        [-0.0023]])
2024-06-18 02:08:01,024:INFO:tensor([[ 0.0042],
        [-0.0037],
        [ 0.0039],
        ...,
        [-0.0044],
        [-0.0131],
        [ 0.0036]])
2024-06-18 02:08:01,040:INFO:tensor([[ 0.0025],
        [ 0.0114],
        [ 0.0065],
        ...,
        [-0.0302],
        [-0.0268],
        [-0.0122]])
2024-06-18 02:08:03,053:INFO:tensor([[ 0.0096],
        [-0.0009],
        [-0.0144],
        ...,
        [-0.0059],
        [ 0.0142],
        [ 0.0176]])
2024-06-18 02:08:03,070:INFO:tensor([[ 0.0074],
        [ 0.0142],
        [ 0.0163],
        ...,
        [-0.0387],
        [-0.0194],
        [-0.0295]])
2024-06-18 02:08:03,085:INFO:tensor([[-0.0068],
        [-0.0191],
        [-0.0123],
        ...,
        [-0.0138],
        [-0.0194],
        [ 0.0096]])
2024-06-18 02:08:03,100:INFO:tensor([[ 0.0063],
        [ 0.0184],
        [ 0.0018],
        ...,
        [ 0.0030],
        [ 0.0066],
        [-0.0060]])
2024-06-18 02:08:03,115:INFO:tensor([[-0.0845],
        [-0.0830],
        [-0.0857],
        ...,
        [-0.0081],
        [-0.0084],
        [ 0.0094]])
2024-06-18 02:08:03,130:INFO:tensor([[ 0.0063],
        [ 0.0089],
        [ 0.0066],
        ...,
        [-0.0069],
        [-0.0044],
        [-0.0054]])
2024-06-18 02:08:03,146:INFO:tensor([[0.0027],
        [0.0099],
        [0.0075],
        ...,
        [0.0095],
        [0.0093],
        [0.0077]])
2024-06-18 02:08:03,160:INFO:tensor([[ 0.0177],
        [ 0.0227],
        [ 0.0141],
        ...,
        [-0.0121],
        [-0.0074],
        [ 0.0093]])
2024-06-18 02:08:03,175:INFO:tensor([[ 0.0100],
        [ 0.0130],
        [-0.0043],
        ...,
        [ 0.0149],
        [ 0.0071],
        [ 0.0043]])
2024-06-18 02:08:03,189:INFO:tensor([[ 0.0102],
        [ 0.0039],
        [ 0.0079],
        ...,
        [ 0.0088],
        [ 0.0092],
        [-0.0033]])
2024-06-18 02:08:03,204:INFO:tensor([[-0.0037],
        [-0.0002],
        [-0.0059],
        ...,
        [ 0.0069],
        [ 0.0041],
        [ 0.0035]])
2024-06-18 02:08:03,222:INFO:tensor([[-0.0045],
        [-0.0044],
        [ 0.0009],
        ...,
        [-0.0350],
        [-0.0327],
        [-0.0189]])
2024-06-18 02:08:03,300:INFO:tensor([[-0.0148],
        [-0.0389],
        [-0.0107],
        ...,
        [ 0.0005],
        [ 0.0018],
        [ 0.0045]])
2024-06-18 02:08:03,317:INFO:tensor([[ 0.0012],
        [-0.0037],
        [ 0.0027],
        ...,
        [-0.0137],
        [-0.0222],
        [-0.0093]])
2024-06-18 02:08:03,331:INFO:tensor([[-0.0026],
        [-0.0071],
        [ 0.0003],
        ...,
        [ 0.0104],
        [ 0.0116],
        [ 0.0145]])
2024-06-18 02:08:03,346:INFO:tensor([[ 0.0090],
        [ 0.0043],
        [ 0.0036],
        ...,
        [-0.0111],
        [-0.0172],
        [-0.0188]])
2024-06-18 02:08:03,362:INFO:tensor([[-0.0284],
        [-0.0224],
        [-0.0199],
        ...,
        [ 0.0048],
        [ 0.0087],
        [ 0.0026]])
2024-06-18 02:08:03,377:INFO:tensor([[ 0.0008],
        [-0.0032],
        [-0.0080],
        ...,
        [-0.0071],
        [-0.0050],
        [-0.0131]])
2024-06-18 02:08:03,393:INFO:tensor([[-0.0151],
        [-0.0070],
        [ 0.0059],
        ...,
        [ 0.0031],
        [-0.0078],
        [-0.0012]])
2024-06-18 02:08:03,408:INFO:tensor([[-0.0175],
        [-0.0035],
        [-0.0100],
        ...,
        [-0.0272],
        [-0.0522],
        [-0.0619]])
2024-06-18 02:08:03,424:INFO:tensor([[-4.7461e-02],
        [-3.5263e-02],
        [-7.2810e-02],
        ...,
        [-1.7318e-02],
        [-2.0064e-05],
        [-9.0940e-03]])
2024-06-18 02:08:03,438:INFO:tensor([[ 0.0398],
        [ 0.0280],
        [ 0.0269],
        ...,
        [-0.0062],
        [ 0.0085],
        [ 0.0024]])
2024-06-18 02:08:03,453:INFO:tensor([[-0.0064],
        [-0.0031],
        [-0.0105],
        ...,
        [-0.0190],
        [-0.0004],
        [ 0.0082]])
2024-06-18 02:08:03,470:INFO:tensor([[-0.0129],
        [ 0.0067],
        [ 0.0116],
        ...,
        [-0.0136],
        [ 0.0123],
        [ 0.0213]])
2024-06-18 02:08:03,485:INFO:tensor([[ 0.0175],
        [ 0.0106],
        [ 0.0054],
        ...,
        [-0.0037],
        [-0.0023],
        [-0.0040]])
2024-06-18 02:08:03,500:INFO:tensor([[-0.0004],
        [-0.0025],
        [-0.0022],
        ...,
        [-0.0284],
        [-0.0341],
        [-0.0217]])
2024-06-18 02:08:03,515:INFO:tensor([[ 0.0004],
        [-0.0041],
        [ 0.0053],
        ...,
        [-0.0137],
        [ 0.0052],
        [-0.0087]])
2024-06-18 02:08:03,530:INFO:tensor([[-0.0106],
        [-0.0080],
        [-0.0289],
        ...,
        [ 0.0016],
        [-0.0032],
        [ 0.0060]])
2024-06-18 02:08:03,545:INFO:tensor([[ 0.0016],
        [-0.0067],
        [-0.0070],
        ...,
        [-0.0190],
        [-0.0056],
        [ 0.0097]])
2024-06-18 02:08:03,561:INFO:tensor([[ 0.0239],
        [ 0.0305],
        [ 0.0257],
        ...,
        [ 0.0209],
        [ 0.0057],
        [-0.0047]])
2024-06-18 02:08:03,575:INFO:tensor([[-0.0138],
        [ 0.0005],
        [ 0.0091],
        ...,
        [-0.0171],
        [-0.0061],
        [-0.0014]])
2024-06-18 02:08:03,589:INFO:tensor([[ 0.0045],
        [-0.0093],
        [-0.0090],
        ...,
        [-0.0400],
        [-0.0396],
        [-0.0230]])
2024-06-18 02:08:03,605:INFO:tensor([[-0.0198],
        [-0.0207],
        [-0.0107],
        ...,
        [-0.0074],
        [ 0.0172],
        [ 0.0140]])
2024-06-18 02:08:03,672:INFO:tensor([[0.0168],
        [0.0227],
        [0.0057],
        ...,
        [0.0427],
        [0.0214],
        [0.0124]])
2024-06-18 02:08:03,687:INFO:tensor([[ 0.0065],
        [ 0.0098],
        [ 0.0058],
        ...,
        [-0.0440],
        [-0.0197],
        [-0.0143]])
2024-06-18 02:08:03,702:INFO:tensor([[-0.0239],
        [-0.0232],
        [-0.0278],
        ...,
        [-0.0012],
        [ 0.0013],
        [ 0.0135]])
2024-06-18 02:08:03,719:INFO:tensor([[0.0089],
        [0.0132],
        [0.0147],
        ...,
        [0.0160],
        [0.0192],
        [0.0132]])
2024-06-18 02:08:03,734:INFO:tensor([[ 0.0263],
        [ 0.0007],
        [ 0.0098],
        ...,
        [-0.0198],
        [-0.0163],
        [ 0.0008]])
2024-06-18 02:08:03,749:INFO:tensor([[-5.6137e-03],
        [-7.8402e-05],
        [ 1.4029e-03],
        ...,
        [-2.0233e-02],
        [-5.1373e-02],
        [-5.6397e-02]])
2024-06-18 02:08:03,763:INFO:tensor([[-0.0397],
        [-0.0259],
        [-0.0452],
        ...,
        [ 0.0246],
        [ 0.0595],
        [ 0.0583]])
2024-06-18 02:08:03,778:INFO:tensor([[ 0.0561],
        [ 0.0205],
        [ 0.0176],
        ...,
        [ 0.0143],
        [-0.0079],
        [-0.0179]])
2024-06-18 02:08:03,793:INFO:tensor([[-0.0196],
        [-0.0326],
        [-0.0410],
        ...,
        [ 0.0081],
        [ 0.0111],
        [ 0.0170]])
2024-06-18 02:08:03,807:INFO:tensor([[ 1.2235e-02],
        [-6.2682e-05],
        [-9.9745e-03],
        ...,
        [ 1.1018e-03],
        [ 4.1059e-03],
        [ 9.8820e-03]])
2024-06-18 02:08:03,822:INFO:tensor([[-0.0026],
        [-0.0085],
        [-0.0063],
        ...,
        [ 0.0159],
        [ 0.0251],
        [-0.0172]])
2024-06-18 02:08:03,836:INFO:tensor([[-0.0552],
        [-0.0319],
        [-0.0006],
        ...,
        [-0.0078],
        [ 0.0089],
        [-0.0081]])
2024-06-18 02:08:03,852:INFO:tensor([[-0.0086],
        [ 0.0317],
        [ 0.0170],
        ...,
        [ 0.0205],
        [ 0.0213],
        [ 0.0153]])
2024-06-18 02:08:03,867:INFO:tensor([[0.0094],
        [0.0062],
        [0.0089],
        ...,
        [0.0163],
        [0.0207],
        [0.0242]])
2024-06-18 02:08:03,882:INFO:tensor([[-0.0078],
        [ 0.0039],
        [ 0.0210],
        ...,
        [-0.0184],
        [ 0.0198],
        [ 0.0009]])
2024-06-18 02:08:03,949:INFO:tensor([[ 0.0112],
        [ 0.0114],
        [-0.0214],
        ...,
        [-0.0032],
        [ 0.0160],
        [ 0.0181]])
2024-06-18 02:08:03,967:INFO:tensor([[ 0.0165],
        [ 0.0322],
        [ 0.0109],
        ...,
        [-0.0012],
        [-0.0021],
        [ 0.0509]])
2024-06-18 02:08:03,982:INFO:tensor([[0.0336],
        [0.0137],
        [0.0074],
        ...,
        [0.0235],
        [0.0052],
        [0.0052]])
2024-06-18 02:08:03,997:INFO:tensor([[-0.0081],
        [-0.0077],
        [-0.0062],
        ...,
        [-0.0321],
        [-0.0210],
        [-0.0334]])
2024-06-18 02:08:04,011:INFO:tensor([[-0.0497],
        [-0.0736],
        [-0.0383],
        ...,
        [-0.0121],
        [-0.0130],
        [-0.0136]])
2024-06-18 02:08:04,027:INFO:tensor([[-0.0059],
        [-0.0426],
        [-0.0546],
        ...,
        [ 0.0118],
        [ 0.0033],
        [ 0.0047]])
2024-06-18 02:08:04,042:INFO:tensor([[-0.0023],
        [ 0.0086],
        [ 0.0186],
        ...,
        [-0.0102],
        [-0.0172],
        [-0.0120]])
2024-06-18 02:08:04,057:INFO:tensor([[-0.0125],
        [-0.0231],
        [-0.0155],
        ...,
        [-0.0013],
        [-0.0069],
        [ 0.0001]])
2024-06-18 02:08:04,072:INFO:tensor([[ 0.0078],
        [-0.0019],
        [-0.0008],
        ...,
        [-0.0070],
        [-0.0180],
        [ 0.0039]])
2024-06-18 02:08:04,088:INFO:tensor([[ 0.0035],
        [ 0.0197],
        [ 0.0034],
        ...,
        [-0.0345],
        [-0.0324],
        [-0.0155]])
2024-06-18 02:08:06,075:INFO:tensor([[ 0.0108],
        [-0.0016],
        [-0.0152],
        ...,
        [-0.0098],
        [ 0.0138],
        [ 0.0166]])
2024-06-18 02:08:06,089:INFO:tensor([[ 0.0032],
        [ 0.0117],
        [ 0.0126],
        ...,
        [-0.0337],
        [-0.0177],
        [-0.0257]])
2024-06-18 02:08:06,104:INFO:tensor([[-0.0043],
        [-0.0168],
        [-0.0091],
        ...,
        [-0.0151],
        [-0.0230],
        [ 0.0104]])
2024-06-18 02:08:06,118:INFO:tensor([[ 0.0072],
        [ 0.0180],
        [ 0.0031],
        ...,
        [ 0.0056],
        [ 0.0091],
        [-0.0073]])
2024-06-18 02:08:06,133:INFO:tensor([[-0.0948],
        [-0.0947],
        [-0.0975],
        ...,
        [-0.0093],
        [-0.0099],
        [ 0.0122]])
2024-06-18 02:08:06,148:INFO:tensor([[ 0.0058],
        [ 0.0109],
        [ 0.0058],
        ...,
        [-0.0098],
        [-0.0087],
        [-0.0066]])
2024-06-18 02:08:06,162:INFO:tensor([[-0.0021],
        [ 0.0065],
        [ 0.0063],
        ...,
        [ 0.0066],
        [ 0.0059],
        [ 0.0062]])
2024-06-18 02:08:06,177:INFO:tensor([[ 0.0183],
        [ 0.0249],
        [ 0.0174],
        ...,
        [-0.0203],
        [-0.0113],
        [ 0.0074]])
2024-06-18 02:08:06,192:INFO:tensor([[ 0.0101],
        [ 0.0139],
        [-0.0059],
        ...,
        [ 0.0108],
        [ 0.0034],
        [ 0.0002]])
2024-06-18 02:08:06,206:INFO:tensor([[ 0.0051],
        [-0.0016],
        [ 0.0032],
        ...,
        [ 0.0134],
        [ 0.0131],
        [-0.0010]])
2024-06-18 02:08:06,221:INFO:tensor([[-0.0023],
        [ 0.0007],
        [-0.0056],
        ...,
        [ 0.0077],
        [ 0.0039],
        [-0.0004]])
2024-06-18 02:08:06,239:INFO:tensor([[-0.0046],
        [-0.0070],
        [ 0.0045],
        ...,
        [-0.0424],
        [-0.0390],
        [-0.0250]])
2024-06-18 02:08:06,256:INFO:tensor([[-0.0196],
        [-0.0450],
        [-0.0173],
        ...,
        [ 0.0004],
        [ 0.0035],
        [ 0.0032]])
2024-06-18 02:08:06,271:INFO:tensor([[ 0.0008],
        [-0.0034],
        [ 0.0031],
        ...,
        [-0.0195],
        [-0.0271],
        [-0.0112]])
2024-06-18 02:08:06,355:INFO:tensor([[-0.0026],
        [-0.0074],
        [ 0.0015],
        ...,
        [ 0.0060],
        [ 0.0065],
        [ 0.0101]])
2024-06-18 02:08:06,375:INFO:tensor([[ 0.0055],
        [ 0.0003],
        [ 0.0019],
        ...,
        [-0.0109],
        [-0.0178],
        [-0.0194]])
2024-06-18 02:08:06,394:INFO:tensor([[-0.0298],
        [-0.0235],
        [-0.0202],
        ...,
        [ 0.0109],
        [ 0.0112],
        [ 0.0037]])
2024-06-18 02:08:06,428:INFO:tensor([[ 0.0023],
        [-0.0036],
        [-0.0089],
        ...,
        [-0.0127],
        [-0.0105],
        [-0.0176]])
2024-06-18 02:08:06,467:INFO:tensor([[-0.0192],
        [-0.0098],
        [ 0.0025],
        ...,
        [-0.0021],
        [-0.0129],
        [-0.0076]])
2024-06-18 02:08:06,485:INFO:tensor([[-0.0228],
        [-0.0070],
        [-0.0145],
        ...,
        [-0.0348],
        [-0.0685],
        [-0.0761]])
2024-06-18 02:08:06,503:INFO:tensor([[-0.0639],
        [-0.0412],
        [-0.0882],
        ...,
        [-0.0199],
        [-0.0022],
        [-0.0115]])
2024-06-18 02:08:06,521:INFO:tensor([[ 4.2798e-02],
        [ 3.4402e-02],
        [ 2.6770e-02],
        ...,
        [-1.2093e-02],
        [ 7.6967e-03],
        [ 6.8113e-05]])
2024-06-18 02:08:06,538:INFO:tensor([[-0.0080],
        [-0.0095],
        [-0.0162],
        ...,
        [-0.0245],
        [-0.0045],
        [ 0.0054]])
2024-06-18 02:08:06,555:INFO:tensor([[-0.0175],
        [ 0.0038],
        [ 0.0094],
        ...,
        [-0.0111],
        [ 0.0136],
        [ 0.0185]])
2024-06-18 02:08:06,571:INFO:tensor([[ 0.0146],
        [ 0.0076],
        [ 0.0016],
        ...,
        [-0.0062],
        [-0.0046],
        [-0.0058]])
2024-06-18 02:08:06,588:INFO:tensor([[-0.0054],
        [-0.0065],
        [-0.0074],
        ...,
        [-0.0328],
        [-0.0385],
        [-0.0221]])
2024-06-18 02:08:06,604:INFO:tensor([[ 0.0011],
        [-0.0037],
        [ 0.0081],
        ...,
        [-0.0183],
        [-0.0010],
        [-0.0107]])
2024-06-18 02:08:06,621:INFO:tensor([[-0.0156],
        [-0.0120],
        [-0.0328],
        ...,
        [ 0.0007],
        [-0.0022],
        [ 0.0047]])
2024-06-18 02:08:06,637:INFO:tensor([[-0.0003],
        [-0.0077],
        [-0.0087],
        ...,
        [-0.0201],
        [-0.0087],
        [ 0.0116]])
2024-06-18 02:08:06,653:INFO:tensor([[ 0.0310],
        [ 0.0362],
        [ 0.0296],
        ...,
        [ 0.0231],
        [ 0.0037],
        [-0.0021]])
2024-06-18 02:08:06,670:INFO:tensor([[-0.0131],
        [ 0.0036],
        [ 0.0087],
        ...,
        [-0.0222],
        [-0.0074],
        [-0.0004]])
2024-06-18 02:08:06,686:INFO:tensor([[ 0.0064],
        [-0.0091],
        [-0.0082],
        ...,
        [-0.0416],
        [-0.0419],
        [-0.0216]])
2024-06-18 02:08:06,701:INFO:tensor([[-0.0157],
        [-0.0147],
        [-0.0032],
        ...,
        [-0.0178],
        [ 0.0169],
        [ 0.0101]])
2024-06-18 02:08:06,768:INFO:tensor([[ 0.0087],
        [ 0.0188],
        [-0.0055],
        ...,
        [ 0.0434],
        [ 0.0211],
        [ 0.0099]])
2024-06-18 02:08:06,792:INFO:tensor([[ 0.0051],
        [ 0.0074],
        [ 0.0018],
        ...,
        [-0.0467],
        [-0.0219],
        [-0.0166]])
2024-06-18 02:08:06,822:INFO:tensor([[-0.0255],
        [-0.0280],
        [-0.0303],
        ...,
        [-0.0057],
        [-0.0028],
        [ 0.0070]])
2024-06-18 02:08:06,837:INFO:tensor([[0.0073],
        [0.0104],
        [0.0134],
        ...,
        [0.0177],
        [0.0212],
        [0.0158]])
2024-06-18 02:08:06,853:INFO:tensor([[ 0.0296],
        [ 0.0022],
        [ 0.0109],
        ...,
        [-0.0253],
        [-0.0235],
        [-0.0060]])
2024-06-18 02:08:06,867:INFO:tensor([[-0.0103],
        [-0.0058],
        [-0.0052],
        ...,
        [-0.0243],
        [-0.0520],
        [-0.0600]])
2024-06-18 02:08:06,883:INFO:tensor([[-0.0429],
        [-0.0282],
        [-0.0448],
        ...,
        [ 0.0225],
        [ 0.0588],
        [ 0.0672]])
2024-06-18 02:08:06,898:INFO:tensor([[ 0.0630],
        [ 0.0278],
        [ 0.0241],
        ...,
        [ 0.0194],
        [-0.0089],
        [-0.0185]])
2024-06-18 02:08:06,913:INFO:tensor([[-0.0196],
        [-0.0289],
        [-0.0394],
        ...,
        [ 0.0071],
        [ 0.0114],
        [ 0.0174]])
2024-06-18 02:08:06,928:INFO:tensor([[ 0.0156],
        [-0.0017],
        [-0.0125],
        ...,
        [-0.0035],
        [-0.0002],
        [ 0.0045]])
2024-06-18 02:08:06,943:INFO:tensor([[-0.0084],
        [-0.0140],
        [-0.0054],
        ...,
        [ 0.0116],
        [ 0.0221],
        [-0.0234]])
2024-06-18 02:08:06,958:INFO:tensor([[-0.0660],
        [-0.0362],
        [-0.0044],
        ...,
        [-0.0172],
        [ 0.0001],
        [-0.0162]])
2024-06-18 02:08:06,973:INFO:tensor([[-0.0154],
        [ 0.0310],
        [ 0.0151],
        ...,
        [ 0.0219],
        [ 0.0233],
        [ 0.0161]])
2024-06-18 02:08:06,988:INFO:tensor([[0.0118],
        [0.0066],
        [0.0084],
        ...,
        [0.0187],
        [0.0235],
        [0.0259]])
2024-06-18 02:08:07,002:INFO:tensor([[-0.0079],
        [ 0.0027],
        [ 0.0237],
        ...,
        [-0.0240],
        [ 0.0172],
        [-0.0028]])
2024-06-18 02:08:07,017:INFO:tensor([[ 0.0123],
        [ 0.0120],
        [-0.0236],
        ...,
        [-0.0068],
        [ 0.0097],
        [ 0.0123]])
2024-06-18 02:08:07,031:INFO:tensor([[ 0.0102],
        [ 0.0273],
        [ 0.0049],
        ...,
        [-0.0014],
        [-0.0063],
        [ 0.0496]])
2024-06-18 02:08:07,046:INFO:tensor([[0.0324],
        [0.0124],
        [0.0049],
        ...,
        [0.0244],
        [0.0056],
        [0.0051]])
2024-06-18 02:08:07,061:INFO:tensor([[-0.0119],
        [-0.0106],
        [-0.0084],
        ...,
        [-0.0413],
        [-0.0269],
        [-0.0391]])
2024-06-18 02:08:07,076:INFO:tensor([[-0.0592],
        [-0.0881],
        [-0.0473],
        ...,
        [-0.0092],
        [-0.0153],
        [-0.0164]])
2024-06-18 02:08:07,091:INFO:tensor([[-0.0065],
        [-0.0458],
        [-0.0575],
        ...,
        [ 0.0145],
        [ 0.0040],
        [ 0.0054]])
2024-06-18 02:08:07,155:INFO:tensor([[-0.0004],
        [ 0.0102],
        [ 0.0198],
        ...,
        [-0.0109],
        [-0.0214],
        [-0.0189]])
2024-06-18 02:08:07,171:INFO:tensor([[-0.0174],
        [-0.0261],
        [-0.0195],
        ...,
        [-0.0032],
        [-0.0090],
        [-0.0012]])
2024-06-18 02:08:07,186:INFO:tensor([[ 0.0051],
        [-0.0052],
        [-0.0080],
        ...,
        [-0.0101],
        [-0.0216],
        [ 0.0009]])
2024-06-18 02:08:07,208:INFO:tensor([[ 0.0020],
        [ 0.0246],
        [ 0.0023],
        ...,
        [-0.0382],
        [-0.0387],
        [-0.0200]])
2024-06-18 02:08:09,119:INFO:tensor([[ 0.0081],
        [-0.0062],
        [-0.0168],
        ...,
        [-0.0147],
        [ 0.0113],
        [ 0.0125]])
2024-06-18 02:08:09,134:INFO:tensor([[-0.0037],
        [ 0.0071],
        [ 0.0087],
        ...,
        [-0.0335],
        [-0.0177],
        [-0.0277]])
2024-06-18 02:08:09,150:INFO:tensor([[-0.0072],
        [-0.0193],
        [-0.0112],
        ...,
        [-0.0170],
        [-0.0260],
        [ 0.0061]])
2024-06-18 02:08:09,165:INFO:tensor([[ 0.0047],
        [ 0.0173],
        [-0.0008],
        ...,
        [ 0.0052],
        [ 0.0094],
        [-0.0110]])
2024-06-18 02:08:09,181:INFO:tensor([[-0.0943],
        [-0.0939],
        [-0.0956],
        ...,
        [-0.0095],
        [-0.0112],
        [ 0.0093]])
2024-06-18 02:08:09,197:INFO:tensor([[ 0.0013],
        [ 0.0057],
        [ 0.0014],
        ...,
        [-0.0183],
        [-0.0165],
        [-0.0144]])
2024-06-18 02:08:09,214:INFO:tensor([[-0.0094],
        [-0.0010],
        [ 0.0015],
        ...,
        [ 0.0025],
        [ 0.0019],
        [ 0.0033]])
2024-06-18 02:08:09,230:INFO:tensor([[ 0.0162],
        [ 0.0236],
        [ 0.0148],
        ...,
        [-0.0214],
        [-0.0174],
        [ 0.0023]])
2024-06-18 02:08:09,246:INFO:tensor([[ 0.0066],
        [ 0.0102],
        [-0.0105],
        ...,
        [ 0.0079],
        [ 0.0020],
        [-0.0023]])
2024-06-18 02:08:09,261:INFO:tensor([[ 0.0006],
        [-0.0050],
        [-0.0009],
        ...,
        [ 0.0119],
        [ 0.0105],
        [-0.0006]])
2024-06-18 02:08:09,278:INFO:tensor([[-5.3170e-03],
        [ 8.9906e-05],
        [-9.7438e-03],
        ...,
        [ 6.5184e-03],
        [ 2.6623e-03],
        [-1.9131e-03]])
2024-06-18 02:08:09,327:INFO:tensor([[-0.0080],
        [-0.0073],
        [ 0.0027],
        ...,
        [-0.0469],
        [-0.0438],
        [-0.0332]])
2024-06-18 02:08:09,344:INFO:tensor([[-0.0294],
        [-0.0483],
        [-0.0225],
        ...,
        [-0.0058],
        [-0.0019],
        [-0.0041]])
2024-06-18 02:08:09,368:INFO:tensor([[-0.0061],
        [-0.0089],
        [-0.0021],
        ...,
        [-0.0205],
        [-0.0274],
        [-0.0095]])
2024-06-18 02:08:09,383:INFO:tensor([[-0.0040],
        [-0.0053],
        [ 0.0012],
        ...,
        [ 0.0006],
        [ 0.0005],
        [ 0.0042]])
2024-06-18 02:08:09,455:INFO:tensor([[ 0.0013],
        [-0.0062],
        [-0.0008],
        ...,
        [-0.0106],
        [-0.0188],
        [-0.0207]])
2024-06-18 02:08:09,471:INFO:tensor([[-0.0315],
        [-0.0249],
        [-0.0218],
        ...,
        [ 0.0107],
        [ 0.0091],
        [ 0.0009]])
2024-06-18 02:08:09,488:INFO:tensor([[-0.0019],
        [-0.0092],
        [-0.0148],
        ...,
        [-0.0205],
        [-0.0178],
        [-0.0277]])
2024-06-18 02:08:09,505:INFO:tensor([[-0.0288],
        [-0.0191],
        [-0.0067],
        ...,
        [-0.0067],
        [-0.0153],
        [-0.0118]])
2024-06-18 02:08:09,520:INFO:tensor([[-0.0241],
        [-0.0060],
        [-0.0143],
        ...,
        [-0.0414],
        [-0.0798],
        [-0.0837]])
2024-06-18 02:08:09,535:INFO:tensor([[-0.0713],
        [-0.0461],
        [-0.0998],
        ...,
        [-0.0231],
        [-0.0071],
        [-0.0163]])
2024-06-18 02:08:09,550:INFO:tensor([[ 0.0434],
        [ 0.0405],
        [ 0.0309],
        ...,
        [-0.0172],
        [ 0.0024],
        [-0.0055]])
2024-06-18 02:08:09,564:INFO:tensor([[-0.0180],
        [-0.0167],
        [-0.0275],
        ...,
        [-0.0344],
        [-0.0116],
        [-0.0010]])
2024-06-18 02:08:09,578:INFO:tensor([[-0.0209],
        [-0.0019],
        [ 0.0039],
        ...,
        [-0.0121],
        [ 0.0081],
        [ 0.0141]])
2024-06-18 02:08:09,593:INFO:tensor([[ 0.0097],
        [ 0.0045],
        [-0.0019],
        ...,
        [-0.0112],
        [-0.0085],
        [-0.0096]])
2024-06-18 02:08:09,608:INFO:tensor([[-0.0100],
        [-0.0107],
        [-0.0144],
        ...,
        [-0.0384],
        [-0.0407],
        [-0.0220]])
2024-06-18 02:08:09,623:INFO:tensor([[ 0.0051],
        [-0.0030],
        [ 0.0091],
        ...,
        [-0.0244],
        [-0.0085],
        [-0.0183]])
2024-06-18 02:08:09,638:INFO:tensor([[-0.0222],
        [-0.0174],
        [-0.0368],
        ...,
        [-0.0011],
        [-0.0021],
        [ 0.0029]])
2024-06-18 02:08:09,653:INFO:tensor([[-0.0035],
        [-0.0112],
        [-0.0099],
        ...,
        [-0.0211],
        [-0.0088],
        [ 0.0143]])
2024-06-18 02:08:09,668:INFO:tensor([[ 0.0385],
        [ 0.0416],
        [ 0.0358],
        ...,
        [ 0.0249],
        [ 0.0030],
        [-0.0028]])
2024-06-18 02:08:09,734:INFO:tensor([[-0.0141],
        [ 0.0044],
        [ 0.0097],
        ...,
        [-0.0262],
        [-0.0135],
        [-0.0040]])
2024-06-18 02:08:09,751:INFO:tensor([[ 0.0016],
        [-0.0125],
        [-0.0126],
        ...,
        [-0.0427],
        [-0.0436],
        [-0.0208]])
2024-06-18 02:08:09,768:INFO:tensor([[-0.0168],
        [-0.0103],
        [ 0.0001],
        ...,
        [-0.0267],
        [ 0.0142],
        [ 0.0052]])
2024-06-18 02:08:09,784:INFO:tensor([[ 0.0033],
        [ 0.0136],
        [-0.0125],
        ...,
        [ 0.0412],
        [ 0.0174],
        [ 0.0071]])
2024-06-18 02:08:09,799:INFO:tensor([[ 0.0003],
        [ 0.0028],
        [-0.0024],
        ...,
        [-0.0477],
        [-0.0270],
        [-0.0236]])
2024-06-18 02:08:09,815:INFO:tensor([[-0.0300],
        [-0.0308],
        [-0.0360],
        ...,
        [-0.0073],
        [-0.0043],
        [ 0.0077]])
2024-06-18 02:08:09,831:INFO:tensor([[0.0055],
        [0.0093],
        [0.0121],
        ...,
        [0.0193],
        [0.0266],
        [0.0207]])
2024-06-18 02:08:09,847:INFO:tensor([[ 0.0352],
        [ 0.0068],
        [ 0.0156],
        ...,
        [-0.0288],
        [-0.0260],
        [-0.0105]])
2024-06-18 02:08:09,864:INFO:tensor([[-0.0152],
        [-0.0098],
        [-0.0056],
        ...,
        [-0.0255],
        [-0.0547],
        [-0.0638]])
2024-06-18 02:08:09,882:INFO:tensor([[-0.0495],
        [-0.0345],
        [-0.0494],
        ...,
        [ 0.0197],
        [ 0.0593],
        [ 0.0719]])
2024-06-18 02:08:09,898:INFO:tensor([[ 0.0679],
        [ 0.0329],
        [ 0.0265],
        ...,
        [ 0.0137],
        [-0.0157],
        [-0.0261]])
2024-06-18 02:08:09,916:INFO:tensor([[-0.0245],
        [-0.0337],
        [-0.0420],
        ...,
        [ 0.0059],
        [ 0.0101],
        [ 0.0162]])
2024-06-18 02:08:09,934:INFO:tensor([[ 0.0139],
        [-0.0049],
        [-0.0168],
        ...,
        [-0.0079],
        [-0.0029],
        [ 0.0028]])
2024-06-18 02:08:09,950:INFO:tensor([[-0.0104],
        [-0.0169],
        [-0.0069],
        ...,
        [ 0.0093],
        [ 0.0198],
        [-0.0295]])
2024-06-18 02:08:09,970:INFO:tensor([[-0.0728],
        [-0.0403],
        [-0.0074],
        ...,
        [-0.0254],
        [-0.0111],
        [-0.0177]])
2024-06-18 02:08:10,046:INFO:tensor([[-0.0159],
        [ 0.0269],
        [ 0.0109],
        ...,
        [ 0.0228],
        [ 0.0239],
        [ 0.0167]])
2024-06-18 02:08:10,064:INFO:tensor([[0.0132],
        [0.0076],
        [0.0105],
        ...,
        [0.0211],
        [0.0264],
        [0.0302]])
2024-06-18 02:08:10,081:INFO:tensor([[-0.0062],
        [ 0.0077],
        [ 0.0278],
        ...,
        [-0.0253],
        [ 0.0138],
        [-0.0063]])
2024-06-18 02:08:10,099:INFO:tensor([[ 0.0090],
        [ 0.0088],
        [-0.0250],
        ...,
        [-0.0101],
        [ 0.0083],
        [ 0.0077]])
2024-06-18 02:08:10,116:INFO:tensor([[ 0.0046],
        [ 0.0204],
        [ 0.0017],
        ...,
        [-0.0030],
        [-0.0084],
        [ 0.0465]])
2024-06-18 02:08:10,133:INFO:tensor([[ 0.0289],
        [ 0.0089],
        [-0.0006],
        ...,
        [ 0.0265],
        [ 0.0082],
        [ 0.0057]])
2024-06-18 02:08:10,148:INFO:tensor([[-0.0119],
        [-0.0114],
        [-0.0101],
        ...,
        [-0.0425],
        [-0.0276],
        [-0.0405]])
2024-06-18 02:08:10,165:INFO:tensor([[-0.0611],
        [-0.0935],
        [-0.0461],
        ...,
        [-0.0108],
        [-0.0112],
        [-0.0125]])
2024-06-18 02:08:10,182:INFO:tensor([[-0.0076],
        [-0.0392],
        [-0.0494],
        ...,
        [ 0.0148],
        [ 0.0009],
        [ 0.0018]])
2024-06-18 02:08:10,197:INFO:tensor([[-0.0047],
        [ 0.0109],
        [ 0.0207],
        ...,
        [-0.0170],
        [-0.0244],
        [-0.0242]])
2024-06-18 02:08:10,213:INFO:tensor([[-0.0251],
        [-0.0328],
        [-0.0262],
        ...,
        [-0.0108],
        [-0.0174],
        [-0.0075]])
2024-06-18 02:08:10,231:INFO:tensor([[-0.0030],
        [-0.0124],
        [-0.0159],
        ...,
        [-0.0161],
        [-0.0272],
        [-0.0033]])
2024-06-18 02:08:10,246:INFO:tensor([[-0.0010],
        [ 0.0235],
        [ 0.0007],
        ...,
        [-0.0429],
        [-0.0436],
        [-0.0243]])
2024-06-18 02:08:12,237:INFO:tensor([[ 0.0123],
        [-0.0041],
        [-0.0166],
        ...,
        [-0.0186],
        [ 0.0083],
        [ 0.0079]])
2024-06-18 02:08:12,254:INFO:tensor([[-0.0075],
        [ 0.0016],
        [ 0.0035],
        ...,
        [-0.0332],
        [-0.0185],
        [-0.0268]])
2024-06-18 02:08:12,269:INFO:tensor([[-0.0077],
        [-0.0206],
        [-0.0122],
        ...,
        [-0.0143],
        [-0.0210],
        [ 0.0098]])
2024-06-18 02:08:12,284:INFO:tensor([[ 0.0066],
        [ 0.0182],
        [ 0.0015],
        ...,
        [ 0.0086],
        [ 0.0136],
        [-0.0070]])
2024-06-18 02:08:12,300:INFO:tensor([[-0.0979],
        [-0.1015],
        [-0.1040],
        ...,
        [-0.0071],
        [-0.0091],
        [ 0.0131]])
2024-06-18 02:08:12,316:INFO:tensor([[ 0.0002],
        [ 0.0053],
        [ 0.0002],
        ...,
        [-0.0279],
        [-0.0237],
        [-0.0202]])
2024-06-18 02:08:12,331:INFO:tensor([[-0.0151],
        [-0.0053],
        [-0.0024],
        ...,
        [-0.0006],
        [-0.0005],
        [ 0.0013]])
2024-06-18 02:08:12,346:INFO:tensor([[ 0.0170],
        [ 0.0215],
        [ 0.0133],
        ...,
        [-0.0232],
        [-0.0198],
        [ 0.0004]])
2024-06-18 02:08:12,361:INFO:tensor([[ 0.0039],
        [ 0.0097],
        [-0.0137],
        ...,
        [-0.0013],
        [-0.0044],
        [-0.0082]])
2024-06-18 02:08:12,376:INFO:tensor([[-0.0061],
        [-0.0120],
        [-0.0079],
        ...,
        [ 0.0108],
        [ 0.0097],
        [-0.0022]])
2024-06-18 02:08:12,391:INFO:tensor([[-0.0072],
        [-0.0027],
        [-0.0129],
        ...,
        [ 0.0047],
        [ 0.0021],
        [-0.0042]])
2024-06-18 02:08:12,406:INFO:tensor([[-0.0092],
        [-0.0115],
        [ 0.0004],
        ...,
        [-0.0502],
        [-0.0504],
        [-0.0436]])
2024-06-18 02:08:12,468:INFO:tensor([[-0.0368],
        [-0.0558],
        [-0.0295],
        ...,
        [-0.0070],
        [-0.0035],
        [-0.0052]])
2024-06-18 02:08:12,482:INFO:tensor([[-0.0074],
        [-0.0099],
        [-0.0014],
        ...,
        [-0.0274],
        [-0.0318],
        [-0.0125]])
2024-06-18 02:08:12,496:INFO:tensor([[-0.0062],
        [-0.0070],
        [ 0.0002],
        ...,
        [-0.0016],
        [-0.0026],
        [ 0.0007]])
2024-06-18 02:08:12,509:INFO:tensor([[-0.0014],
        [-0.0097],
        [-0.0069],
        ...,
        [-0.0152],
        [-0.0214],
        [-0.0232]])
2024-06-18 02:08:12,523:INFO:tensor([[-0.0338],
        [-0.0278],
        [-0.0231],
        ...,
        [ 0.0105],
        [ 0.0104],
        [-0.0004]])
2024-06-18 02:08:12,537:INFO:tensor([[-0.0049],
        [-0.0116],
        [-0.0211],
        ...,
        [-0.0229],
        [-0.0194],
        [-0.0332]])
2024-06-18 02:08:12,551:INFO:tensor([[-0.0330],
        [-0.0248],
        [-0.0099],
        ...,
        [-0.0106],
        [-0.0220],
        [-0.0145]])
2024-06-18 02:08:12,565:INFO:tensor([[-0.0312],
        [-0.0136],
        [-0.0196],
        ...,
        [-0.0471],
        [-0.0847],
        [-0.0873]])
2024-06-18 02:08:12,580:INFO:tensor([[-0.0758],
        [-0.0528],
        [-0.1045],
        ...,
        [-0.0230],
        [-0.0063],
        [-0.0150]])
2024-06-18 02:08:12,595:INFO:tensor([[ 0.0441],
        [ 0.0494],
        [ 0.0393],
        ...,
        [-0.0209],
        [-0.0009],
        [-0.0086]])
2024-06-18 02:08:12,609:INFO:tensor([[-0.0219],
        [-0.0201],
        [-0.0352],
        ...,
        [-0.0382],
        [-0.0145],
        [-0.0022]])
2024-06-18 02:08:12,625:INFO:tensor([[-0.0226],
        [-0.0051],
        [ 0.0014],
        ...,
        [-0.0223],
        [ 0.0038],
        [ 0.0104]])
2024-06-18 02:08:12,642:INFO:tensor([[ 0.0101],
        [ 0.0042],
        [-0.0026],
        ...,
        [-0.0167],
        [-0.0141],
        [-0.0141]])
2024-06-18 02:08:12,658:INFO:tensor([[-0.0160],
        [-0.0158],
        [-0.0211],
        ...,
        [-0.0405],
        [-0.0421],
        [-0.0213]])
2024-06-18 02:08:12,673:INFO:tensor([[ 0.0113],
        [ 0.0013],
        [ 0.0134],
        ...,
        [-0.0313],
        [-0.0167],
        [-0.0255]])
2024-06-18 02:08:12,689:INFO:tensor([[-3.3217e-02],
        [-2.6320e-02],
        [-4.2780e-02],
        ...,
        [-8.0831e-05],
        [-1.6155e-03],
        [ 6.2422e-03]])
2024-06-18 02:08:12,704:INFO:tensor([[-0.0002],
        [-0.0079],
        [-0.0094],
        ...,
        [-0.0219],
        [-0.0101],
        [ 0.0144]])
2024-06-18 02:08:12,720:INFO:tensor([[ 0.0441],
        [ 0.0476],
        [ 0.0406],
        ...,
        [ 0.0245],
        [ 0.0075],
        [-0.0017]])
2024-06-18 02:08:12,736:INFO:tensor([[-0.0126],
        [ 0.0067],
        [ 0.0118],
        ...,
        [-0.0292],
        [-0.0173],
        [-0.0045]])
2024-06-18 02:08:12,751:INFO:tensor([[ 0.0016],
        [-0.0145],
        [-0.0112],
        ...,
        [-0.0442],
        [-0.0461],
        [-0.0247]])
2024-06-18 02:08:12,765:INFO:tensor([[-0.0201],
        [-0.0132],
        [ 0.0020],
        ...,
        [-0.0340],
        [ 0.0090],
        [-0.0021]])
2024-06-18 02:08:12,829:INFO:tensor([[-0.0045],
        [ 0.0097],
        [-0.0156],
        ...,
        [ 0.0413],
        [ 0.0158],
        [ 0.0066]])
2024-06-18 02:08:12,842:INFO:tensor([[-0.0008],
        [-0.0020],
        [-0.0092],
        ...,
        [-0.0463],
        [-0.0272],
        [-0.0264]])
2024-06-18 02:08:12,857:INFO:tensor([[-0.0303],
        [-0.0317],
        [-0.0394],
        ...,
        [-0.0079],
        [-0.0041],
        [ 0.0074]])
2024-06-18 02:08:12,870:INFO:tensor([[0.0059],
        [0.0099],
        [0.0103],
        ...,
        [0.0237],
        [0.0318],
        [0.0278]])
2024-06-18 02:08:12,886:INFO:tensor([[ 0.0443],
        [ 0.0120],
        [ 0.0201],
        ...,
        [-0.0287],
        [-0.0262],
        [-0.0114]])
2024-06-18 02:08:12,899:INFO:tensor([[-0.0165],
        [-0.0107],
        [-0.0099],
        ...,
        [-0.0329],
        [-0.0627],
        [-0.0691]])
2024-06-18 02:08:12,913:INFO:tensor([[-0.0551],
        [-0.0384],
        [-0.0539],
        ...,
        [ 0.0269],
        [ 0.0667],
        [ 0.0805]])
2024-06-18 02:08:12,927:INFO:tensor([[ 0.0770],
        [ 0.0394],
        [ 0.0283],
        ...,
        [ 0.0097],
        [-0.0164],
        [-0.0278]])
2024-06-18 02:08:12,941:INFO:tensor([[-0.0246],
        [-0.0339],
        [-0.0410],
        ...,
        [ 0.0089],
        [ 0.0128],
        [ 0.0201]])
2024-06-18 02:08:12,955:INFO:tensor([[ 0.0178],
        [-0.0025],
        [-0.0152],
        ...,
        [-0.0110],
        [-0.0055],
        [ 0.0003]])
2024-06-18 02:08:12,969:INFO:tensor([[-0.0146],
        [-0.0159],
        [-0.0050],
        ...,
        [ 0.0079],
        [ 0.0218],
        [-0.0263]])
2024-06-18 02:08:12,982:INFO:tensor([[-0.0684],
        [-0.0332],
        [-0.0067],
        ...,
        [-0.0312],
        [-0.0141],
        [-0.0217]])
2024-06-18 02:08:12,996:INFO:tensor([[-0.0208],
        [ 0.0244],
        [ 0.0108],
        ...,
        [ 0.0262],
        [ 0.0272],
        [ 0.0200]])
2024-06-18 02:08:13,010:INFO:tensor([[0.0158],
        [0.0093],
        [0.0099],
        ...,
        [0.0231],
        [0.0294],
        [0.0319]])
2024-06-18 02:08:13,024:INFO:tensor([[-0.0043],
        [ 0.0101],
        [ 0.0301],
        ...,
        [-0.0315],
        [ 0.0119],
        [-0.0100]])
2024-06-18 02:08:13,084:INFO:tensor([[ 0.0076],
        [ 0.0086],
        [-0.0295],
        ...,
        [-0.0104],
        [ 0.0043],
        [ 0.0017]])
2024-06-18 02:08:13,099:INFO:tensor([[ 8.0037e-04],
        [ 1.4563e-02],
        [ 7.6190e-05],
        ...,
        [-1.1548e-03],
        [-2.8428e-03],
        [ 4.3656e-02]])
2024-06-18 02:08:13,112:INFO:tensor([[ 0.0255],
        [ 0.0096],
        [-0.0031],
        ...,
        [ 0.0282],
        [ 0.0090],
        [ 0.0050]])
2024-06-18 02:08:13,125:INFO:tensor([[-0.0085],
        [-0.0074],
        [-0.0032],
        ...,
        [-0.0432],
        [-0.0285],
        [-0.0450]])
2024-06-18 02:08:13,139:INFO:tensor([[-0.0646],
        [-0.1013],
        [-0.0501],
        ...,
        [-0.0078],
        [-0.0071],
        [-0.0083]])
2024-06-18 02:08:13,153:INFO:tensor([[-0.0066],
        [-0.0267],
        [-0.0351],
        ...,
        [ 0.0195],
        [ 0.0033],
        [ 0.0075]])
2024-06-18 02:08:13,167:INFO:tensor([[ 0.0017],
        [ 0.0168],
        [ 0.0274],
        ...,
        [-0.0196],
        [-0.0294],
        [-0.0325]])
2024-06-18 02:08:13,181:INFO:tensor([[-0.0318],
        [-0.0409],
        [-0.0337],
        ...,
        [-0.0117],
        [-0.0226],
        [-0.0161]])
2024-06-18 02:08:13,195:INFO:tensor([[-0.0088],
        [-0.0177],
        [-0.0204],
        ...,
        [-0.0176],
        [-0.0299],
        [-0.0054]])
2024-06-18 02:08:13,209:INFO:tensor([[-0.0022],
        [ 0.0208],
        [ 0.0010],
        ...,
        [-0.0504],
        [-0.0481],
        [-0.0314]])
