Training with hidden_layers=[128, 64, 32], learning_rate=0.01, l1_lambda=1e-05
Epoch 1/100, Train Loss: 0.040694, Val Loss: 0.026096
Epoch 2/100, Train Loss: 0.032048, Val Loss: 0.026255
Epoch 3/100, Train Loss: 0.030667, Val Loss: 0.026251
Epoch 4/100, Train Loss: 0.029886, Val Loss: 0.026163
Epoch 5/100, Train Loss: 0.029373, Val Loss: 0.026154
Epoch 6/100, Train Loss: 0.029004, Val Loss: 0.026242
Epoch 7/100, Train Loss: 0.028850, Val Loss: 0.026099
Epoch 8/100, Train Loss: 0.028700, Val Loss: 0.026266
Epoch 9/100, Train Loss: 0.028566, Val Loss: 0.026124
Epoch 10/100, Train Loss: 0.028503, Val Loss: 0.026309
Epoch 11/100, Train Loss: 0.028507, Val Loss: 0.026402
Early stopping triggered
R² score: -0.03567013004815922
Training with hidden_layers=[128, 64, 32], learning_rate=0.01, l1_lambda=0.001
Epoch 1/100, Train Loss: 0.162965, Val Loss: 0.025027
Epoch 2/100, Train Loss: 0.082181, Val Loss: 0.025048
Epoch 3/100, Train Loss: 0.082247, Val Loss: 0.025065
Epoch 4/100, Train Loss: 0.082237, Val Loss: 0.025089
Epoch 5/100, Train Loss: 0.082242, Val Loss: 0.025115
Epoch 6/100, Train Loss: 0.082261, Val Loss: 0.025139
Epoch 7/100, Train Loss: 0.082252, Val Loss: 0.025157
Epoch 8/100, Train Loss: 0.082277, Val Loss: 0.025171
Epoch 9/100, Train Loss: 0.082249, Val Loss: 0.025181
Epoch 10/100, Train Loss: 0.082235, Val Loss: 0.025189
Epoch 11/100, Train Loss: 0.082288, Val Loss: 0.025195
Early stopping triggered
R² score: -0.00019003558040320279
Training with hidden_layers=[128, 64, 32], learning_rate=0.001, l1_lambda=1e-05
Epoch 1/100, Train Loss: 0.036091, Val Loss: 0.026194
Epoch 2/100, Train Loss: 0.029997, Val Loss: 0.025911
Epoch 3/100, Train Loss: 0.028860, Val Loss: 0.026146
Epoch 4/100, Train Loss: 0.028424, Val Loss: 0.026307
Epoch 5/100, Train Loss: 0.028194, Val Loss: 0.026273
Epoch 6/100, Train Loss: 0.028047, Val Loss: 0.026516
Epoch 7/100, Train Loss: 0.027945, Val Loss: 0.026802
Epoch 8/100, Train Loss: 0.027869, Val Loss: 0.027110
Epoch 9/100, Train Loss: 0.027800, Val Loss: 0.027497
Epoch 10/100, Train Loss: 0.027752, Val Loss: 0.027795
Epoch 11/100, Train Loss: 0.027714, Val Loss: 0.027960
Epoch 12/100, Train Loss: 0.027681, Val Loss: 0.028236
Early stopping triggered
R² score: -0.10439737066614119
Training with hidden_layers=[128, 64, 32], learning_rate=0.001, l1_lambda=0.001
Epoch 1/100, Train Loss: 0.399999, Val Loss: 0.025024
Epoch 2/100, Train Loss: 0.037034, Val Loss: 0.025002
Epoch 3/100, Train Loss: 0.034863, Val Loss: 0.025001
Epoch 4/100, Train Loss: 0.034369, Val Loss: 0.025001
Epoch 5/100, Train Loss: 0.034166, Val Loss: 0.025001
Epoch 6/100, Train Loss: 0.033968, Val Loss: 0.025001
Epoch 7/100, Train Loss: 0.033814, Val Loss: 0.025002
Epoch 8/100, Train Loss: 0.033686, Val Loss: 0.025001
Epoch 9/100, Train Loss: 0.033555, Val Loss: 0.025001
Epoch 10/100, Train Loss: 0.033453, Val Loss: 0.025002
Epoch 11/100, Train Loss: 0.033400, Val Loss: 0.025002
Epoch 12/100, Train Loss: 0.033386, Val Loss: 0.025002
Epoch 13/100, Train Loss: 0.033387, Val Loss: 0.025002
Early stopping triggered
R² score: -0.017785011795766303
Training with hidden_layers=[64, 32, 16], learning_rate=0.01, l1_lambda=1e-05
Epoch 1/100, Train Loss: 0.031749, Val Loss: 0.025911
Epoch 2/100, Train Loss: 0.029094, Val Loss: 0.025861
Epoch 3/100, Train Loss: 0.028573, Val Loss: 0.026031
Epoch 4/100, Train Loss: 0.028452, Val Loss: 0.026072
Epoch 5/100, Train Loss: 0.028375, Val Loss: 0.026033
Epoch 6/100, Train Loss: 0.028320, Val Loss: 0.026167
Epoch 7/100, Train Loss: 0.028316, Val Loss: 0.026385
Epoch 8/100, Train Loss: 0.028273, Val Loss: 0.026589
Epoch 9/100, Train Loss: 0.028286, Val Loss: 0.026790
Epoch 10/100, Train Loss: 0.028276, Val Loss: 0.027025
Epoch 11/100, Train Loss: 0.028227, Val Loss: 0.027058
Epoch 12/100, Train Loss: 0.028234, Val Loss: 0.026276
Early stopping triggered
R² score: -0.03343411479138836
Training with hidden_layers=[64, 32, 16], learning_rate=0.01, l1_lambda=0.001
Epoch 1/100, Train Loss: 0.090038, Val Loss: 0.025061
Epoch 2/100, Train Loss: 0.051703, Val Loss: 0.025098
Epoch 3/100, Train Loss: 0.051684, Val Loss: 0.025143
Epoch 4/100, Train Loss: 0.051695, Val Loss: 0.025171
Epoch 5/100, Train Loss: 0.051697, Val Loss: 0.025186
Epoch 6/100, Train Loss: 0.051695, Val Loss: 0.025195
Epoch 7/100, Train Loss: 0.051707, Val Loss: 0.025203
Epoch 8/100, Train Loss: 0.051706, Val Loss: 0.025207
Epoch 9/100, Train Loss: 0.051686, Val Loss: 0.025207
Epoch 10/100, Train Loss: 0.051692, Val Loss: 0.025209
Epoch 11/100, Train Loss: 0.051715, Val Loss: 0.025212
Early stopping triggered
R² score: -8.603307475096855e-05
Training with hidden_layers=[64, 32, 16], learning_rate=0.001, l1_lambda=1e-05
Epoch 1/100, Train Loss: 0.030974, Val Loss: 0.026309
Epoch 2/100, Train Loss: 0.028558, Val Loss: 0.026152
Epoch 3/100, Train Loss: 0.028204, Val Loss: 0.026636
Epoch 4/100, Train Loss: 0.028064, Val Loss: 0.026726
Epoch 5/100, Train Loss: 0.027964, Val Loss: 0.026937
Epoch 6/100, Train Loss: 0.027900, Val Loss: 0.027053
Epoch 7/100, Train Loss: 0.027843, Val Loss: 0.027283
Epoch 8/100, Train Loss: 0.027797, Val Loss: 0.027390
Epoch 9/100, Train Loss: 0.027744, Val Loss: 0.028092
Epoch 10/100, Train Loss: 0.027693, Val Loss: 0.028531
Epoch 11/100, Train Loss: 0.027654, Val Loss: 0.028760
Epoch 12/100, Train Loss: 0.027615, Val Loss: 0.028901
Early stopping triggered
R² score: -0.12375813921778911
Training with hidden_layers=[64, 32, 16], learning_rate=0.001, l1_lambda=0.001
Epoch 1/100, Train Loss: 0.213268, Val Loss: 0.025125
Epoch 2/100, Train Loss: 0.036201, Val Loss: 0.025025
Epoch 3/100, Train Loss: 0.032094, Val Loss: 0.025011
Epoch 4/100, Train Loss: 0.031396, Val Loss: 0.025006
Epoch 5/100, Train Loss: 0.031114, Val Loss: 0.025006
Epoch 6/100, Train Loss: 0.030969, Val Loss: 0.025006
Epoch 7/100, Train Loss: 0.030862, Val Loss: 0.025005
Epoch 8/100, Train Loss: 0.030746, Val Loss: 0.025003
Epoch 9/100, Train Loss: 0.030630, Val Loss: 0.025003
Epoch 10/100, Train Loss: 0.030542, Val Loss: 0.025003
Epoch 11/100, Train Loss: 0.030466, Val Loss: 0.025002
Epoch 12/100, Train Loss: 0.030399, Val Loss: 0.025002
Epoch 13/100, Train Loss: 0.030389, Val Loss: 0.025002
Epoch 14/100, Train Loss: 0.030388, Val Loss: 0.025002
Epoch 15/100, Train Loss: 0.030389, Val Loss: 0.025002
Epoch 16/100, Train Loss: 0.030389, Val Loss: 0.025002
Epoch 17/100, Train Loss: 0.030389, Val Loss: 0.025002
Epoch 18/100, Train Loss: 0.030389, Val Loss: 0.025002
Epoch 19/100, Train Loss: 0.030389, Val Loss: 0.025003
Epoch 20/100, Train Loss: 0.030388, Val Loss: 0.025003
Epoch 21/100, Train Loss: 0.030389, Val Loss: 0.025003
Epoch 22/100, Train Loss: 0.030390, Val Loss: 0.025003
Early stopping triggered
R² score: -0.018007492246255197
Training with hidden_layers=[32, 16, 8], learning_rate=0.01, l1_lambda=1e-05
Epoch 1/100, Train Loss: 0.029628, Val Loss: 0.026015
Epoch 2/100, Train Loss: 0.028571, Val Loss: 0.026166
Epoch 3/100, Train Loss: 0.028476, Val Loss: 0.026182
Epoch 4/100, Train Loss: 0.028334, Val Loss: 0.026107
Epoch 5/100, Train Loss: 0.028236, Val Loss: 0.025801
Epoch 6/100, Train Loss: 0.028148, Val Loss: 0.026374
Epoch 7/100, Train Loss: 0.028156, Val Loss: 0.026817
Epoch 8/100, Train Loss: 0.028152, Val Loss: 0.026136
Epoch 9/100, Train Loss: 0.028145, Val Loss: 0.026556
Epoch 10/100, Train Loss: 0.028115, Val Loss: 0.027180
Epoch 11/100, Train Loss: 0.028110, Val Loss: 0.026399
Epoch 12/100, Train Loss: 0.028156, Val Loss: 0.028263
Epoch 13/100, Train Loss: 0.028062, Val Loss: 0.027821
Epoch 14/100, Train Loss: 0.028121, Val Loss: 0.027085
Epoch 15/100, Train Loss: 0.028116, Val Loss: 0.027837
Early stopping triggered
R² score: -0.09222851645870334
Training with hidden_layers=[32, 16, 8], learning_rate=0.01, l1_lambda=0.001
Epoch 1/100, Train Loss: 0.069022, Val Loss: 0.025010
Epoch 2/100, Train Loss: 0.039646, Val Loss: 0.025014
Epoch 3/100, Train Loss: 0.039060, Val Loss: 0.025019
Epoch 4/100, Train Loss: 0.038818, Val Loss: 0.025023
Epoch 5/100, Train Loss: 0.038573, Val Loss: 0.025027
Epoch 6/100, Train Loss: 0.038469, Val Loss: 0.025035
Epoch 7/100, Train Loss: 0.038439, Val Loss: 0.025041
Epoch 8/100, Train Loss: 0.038461, Val Loss: 0.025047
Epoch 9/100, Train Loss: 0.038459, Val Loss: 0.025052
Epoch 10/100, Train Loss: 0.038473, Val Loss: 0.025059
Epoch 11/100, Train Loss: 0.038474, Val Loss: 0.025067
Early stopping triggered
R² score: -0.003579853465275562
Training with hidden_layers=[32, 16, 8], learning_rate=0.001, l1_lambda=1e-05
Epoch 1/100, Train Loss: 0.040662, Val Loss: 0.025065
Epoch 2/100, Train Loss: 0.029922, Val Loss: 0.025032
Epoch 3/100, Train Loss: 0.029363, Val Loss: 0.025103
Epoch 4/100, Train Loss: 0.029040, Val Loss: 0.025274
Epoch 5/100, Train Loss: 0.028824, Val Loss: 0.025388
Epoch 6/100, Train Loss: 0.028653, Val Loss: 0.025475
Epoch 7/100, Train Loss: 0.028513, Val Loss: 0.025563
Epoch 8/100, Train Loss: 0.028398, Val Loss: 0.025711
Epoch 9/100, Train Loss: 0.028304, Val Loss: 0.025908
Epoch 10/100, Train Loss: 0.028229, Val Loss: 0.026162
Epoch 11/100, Train Loss: 0.028165, Val Loss: 0.026465
Epoch 12/100, Train Loss: 0.028111, Val Loss: 0.026752
Early stopping triggered
R² score: -0.07177037210017922
Training with hidden_layers=[32, 16, 8], learning_rate=0.001, l1_lambda=0.001
Epoch 1/100, Train Loss: 0.131728, Val Loss: 0.025197
Epoch 2/100, Train Loss: 0.041327, Val Loss: 0.025048
Epoch 3/100, Train Loss: 0.034193, Val Loss: 0.025010
Epoch 4/100, Train Loss: 0.032387, Val Loss: 0.025012
Epoch 5/100, Train Loss: 0.031577, Val Loss: 0.025010
Epoch 6/100, Train Loss: 0.031112, Val Loss: 0.025008
Epoch 7/100, Train Loss: 0.030853, Val Loss: 0.025007
Epoch 8/100, Train Loss: 0.030708, Val Loss: 0.025007
Epoch 9/100, Train Loss: 0.030664, Val Loss: 0.025007
Epoch 10/100, Train Loss: 0.030624, Val Loss: 0.025007
Epoch 11/100, Train Loss: 0.030580, Val Loss: 0.025007
Epoch 12/100, Train Loss: 0.030532, Val Loss: 0.025007
Epoch 13/100, Train Loss: 0.030480, Val Loss: 0.025007
Epoch 14/100, Train Loss: 0.030424, Val Loss: 0.025007
Epoch 15/100, Train Loss: 0.030362, Val Loss: 0.025006
Epoch 16/100, Train Loss: 0.030296, Val Loss: 0.025006
Epoch 17/100, Train Loss: 0.030224, Val Loss: 0.025006
Epoch 18/100, Train Loss: 0.030145, Val Loss: 0.025006
Epoch 19/100, Train Loss: 0.030060, Val Loss: 0.025006
Epoch 20/100, Train Loss: 0.029968, Val Loss: 0.025006
Epoch 21/100, Train Loss: 0.029868, Val Loss: 0.025006
Epoch 22/100, Train Loss: 0.029759, Val Loss: 0.025005
Epoch 23/100, Train Loss: 0.029641, Val Loss: 0.025005
Epoch 24/100, Train Loss: 0.029513, Val Loss: 0.025004
Epoch 25/100, Train Loss: 0.029383, Val Loss: 0.025003
Epoch 26/100, Train Loss: 0.029281, Val Loss: 0.025003
Epoch 27/100, Train Loss: 0.029207, Val Loss: 0.025003
Epoch 28/100, Train Loss: 0.029167, Val Loss: 0.025003
Epoch 29/100, Train Loss: 0.029166, Val Loss: 0.025003
Epoch 30/100, Train Loss: 0.029166, Val Loss: 0.025003
Epoch 31/100, Train Loss: 0.029166, Val Loss: 0.025003
Epoch 32/100, Train Loss: 0.029166, Val Loss: 0.025003
Epoch 33/100, Train Loss: 0.029167, Val Loss: 0.025003
Epoch 34/100, Train Loss: 0.029167, Val Loss: 0.025002
Epoch 35/100, Train Loss: 0.029166, Val Loss: 0.025002
Epoch 36/100, Train Loss: 0.029167, Val Loss: 0.025002
Epoch 37/100, Train Loss: 0.029167, Val Loss: 0.025002
Epoch 38/100, Train Loss: 0.029166, Val Loss: 0.025002
Epoch 39/100, Train Loss: 0.029167, Val Loss: 0.025002
Epoch 40/100, Train Loss: 0.029167, Val Loss: 0.025002
Epoch 41/100, Train Loss: 0.029167, Val Loss: 0.025002
Epoch 42/100, Train Loss: 0.029167, Val Loss: 0.025002
Epoch 43/100, Train Loss: 0.029167, Val Loss: 0.025002
Epoch 44/100, Train Loss: 0.029167, Val Loss: 0.025002
Epoch 45/100, Train Loss: 0.029167, Val Loss: 0.025002
Epoch 46/100, Train Loss: 0.029167, Val Loss: 0.025002
Epoch 47/100, Train Loss: 0.029167, Val Loss: 0.025002
Epoch 48/100, Train Loss: 0.029167, Val Loss: 0.025002
Epoch 49/100, Train Loss: 0.029167, Val Loss: 0.025002
Epoch 50/100, Train Loss: 0.029167, Val Loss: 0.025002
Epoch 51/100, Train Loss: 0.029167, Val Loss: 0.025002
Epoch 52/100, Train Loss: 0.029166, Val Loss: 0.025002
Epoch 53/100, Train Loss: 0.029167, Val Loss: 0.025002
Epoch 54/100, Train Loss: 0.029167, Val Loss: 0.025002
Epoch 55/100, Train Loss: 0.029167, Val Loss: 0.025002
Epoch 56/100, Train Loss: 0.029167, Val Loss: 0.025002
Epoch 57/100, Train Loss: 0.029167, Val Loss: 0.025002
Epoch 58/100, Train Loss: 0.029167, Val Loss: 0.025002
Epoch 59/100, Train Loss: 0.029167, Val Loss: 0.025002
Epoch 60/100, Train Loss: 0.029167, Val Loss: 0.025002
Epoch 61/100, Train Loss: 0.029167, Val Loss: 0.025002
Epoch 62/100, Train Loss: 0.029167, Val Loss: 0.025002
Epoch 63/100, Train Loss: 0.029167, Val Loss: 0.025002
Epoch 64/100, Train Loss: 0.029167, Val Loss: 0.025002
Epoch 65/100, Train Loss: 0.029167, Val Loss: 0.025002
Epoch 66/100, Train Loss: 0.029167, Val Loss: 0.025002
Epoch 67/100, Train Loss: 0.029167, Val Loss: 0.025002
Epoch 68/100, Train Loss: 0.029167, Val Loss: 0.025002
Epoch 69/100, Train Loss: 0.029167, Val Loss: 0.025002
Epoch 70/100, Train Loss: 0.029168, Val Loss: 0.025002
Epoch 71/100, Train Loss: 0.029167, Val Loss: 0.025002
Epoch 72/100, Train Loss: 0.029167, Val Loss: 0.025002
Epoch 73/100, Train Loss: 0.029167, Val Loss: 0.025002
Epoch 74/100, Train Loss: 0.029167, Val Loss: 0.025002
Epoch 75/100, Train Loss: 0.029167, Val Loss: 0.025002
Epoch 76/100, Train Loss: 0.029167, Val Loss: 0.025002
Epoch 77/100, Train Loss: 0.029167, Val Loss: 0.025002
Epoch 78/100, Train Loss: 0.029167, Val Loss: 0.025002
Epoch 79/100, Train Loss: 0.029167, Val Loss: 0.025002
Epoch 80/100, Train Loss: 0.029167, Val Loss: 0.025002
Epoch 81/100, Train Loss: 0.029167, Val Loss: 0.025002
Epoch 82/100, Train Loss: 0.029167, Val Loss: 0.025002
Epoch 83/100, Train Loss: 0.029167, Val Loss: 0.025002
Epoch 84/100, Train Loss: 0.029168, Val Loss: 0.025002
Epoch 85/100, Train Loss: 0.029167, Val Loss: 0.025002
Epoch 86/100, Train Loss: 0.029167, Val Loss: 0.025002
Epoch 87/100, Train Loss: 0.029167, Val Loss: 0.025002
Epoch 88/100, Train Loss: 0.029167, Val Loss: 0.025002
Epoch 89/100, Train Loss: 0.029167, Val Loss: 0.025002
Epoch 90/100, Train Loss: 0.029167, Val Loss: 0.025002
Epoch 91/100, Train Loss: 0.029167, Val Loss: 0.025002
Epoch 92/100, Train Loss: 0.029167, Val Loss: 0.025002
Epoch 93/100, Train Loss: 0.029167, Val Loss: 0.025002
Epoch 94/100, Train Loss: 0.029167, Val Loss: 0.025002
Epoch 95/100, Train Loss: 0.029167, Val Loss: 0.025002
Epoch 96/100, Train Loss: 0.029167, Val Loss: 0.025002
Epoch 97/100, Train Loss: 0.029167, Val Loss: 0.025002
Epoch 98/100, Train Loss: 0.029166, Val Loss: 0.025002
Epoch 99/100, Train Loss: 0.029167, Val Loss: 0.025002
Epoch 100/100, Train Loss: 0.029167, Val Loss: 0.025002
Early stopping triggered
R² score: -0.017856581210907496
Training with hidden_layers=[128, 64], learning_rate=0.01, l1_lambda=1e-05
Epoch 1/100, Train Loss: 0.068418, Val Loss: 0.026233
Epoch 2/100, Train Loss: 0.036608, Val Loss: 0.028047
Epoch 3/100, Train Loss: 0.034489, Val Loss: 0.027278
Epoch 4/100, Train Loss: 0.033222, Val Loss: 0.027768
Epoch 5/100, Train Loss: 0.032419, Val Loss: 0.029367
Epoch 6/100, Train Loss: 0.031818, Val Loss: 0.027866
Epoch 7/100, Train Loss: 0.031272, Val Loss: 0.028221
Epoch 8/100, Train Loss: 0.030843, Val Loss: 0.028650
Epoch 9/100, Train Loss: 0.030516, Val Loss: 0.028818
Epoch 10/100, Train Loss: 0.030217, Val Loss: 0.028548
Epoch 11/100, Train Loss: 0.029954, Val Loss: 0.028521
Early stopping triggered
R² score: -0.14964322695318022
Training with hidden_layers=[128, 64], learning_rate=0.01, l1_lambda=0.001
Epoch 1/100, Train Loss: 0.151554, Val Loss: 0.025012
Epoch 2/100, Train Loss: 0.079153, Val Loss: 0.025037
Epoch 3/100, Train Loss: 0.079194, Val Loss: 0.025051
Epoch 4/100, Train Loss: 0.079155, Val Loss: 0.025064
Epoch 5/100, Train Loss: 0.079137, Val Loss: 0.025083
Epoch 6/100, Train Loss: 0.079121, Val Loss: 0.025104
Epoch 7/100, Train Loss: 0.079086, Val Loss: 0.025124
Epoch 8/100, Train Loss: 0.079061, Val Loss: 0.025142
Epoch 9/100, Train Loss: 0.078988, Val Loss: 0.025159
Epoch 10/100, Train Loss: 0.078938, Val Loss: 0.025171
Epoch 11/100, Train Loss: 0.078963, Val Loss: 0.025180
Early stopping triggered
R² score: -0.0003373899388645629
Training with hidden_layers=[128, 64], learning_rate=0.001, l1_lambda=1e-05
Epoch 1/100, Train Loss: 0.037000, Val Loss: 0.026905
Epoch 2/100, Train Loss: 0.031469, Val Loss: 0.026655
Epoch 3/100, Train Loss: 0.029752, Val Loss: 0.026672
Epoch 4/100, Train Loss: 0.029026, Val Loss: 0.026442
Epoch 5/100, Train Loss: 0.028588, Val Loss: 0.026478
Epoch 6/100, Train Loss: 0.028291, Val Loss: 0.026681
Epoch 7/100, Train Loss: 0.028106, Val Loss: 0.026778
Epoch 8/100, Train Loss: 0.027965, Val Loss: 0.026879
Epoch 9/100, Train Loss: 0.027869, Val Loss: 0.026985
Epoch 10/100, Train Loss: 0.027794, Val Loss: 0.027139
Epoch 11/100, Train Loss: 0.027724, Val Loss: 0.027384
Epoch 12/100, Train Loss: 0.027683, Val Loss: 0.027539
Epoch 13/100, Train Loss: 0.027633, Val Loss: 0.027887
Epoch 14/100, Train Loss: 0.027595, Val Loss: 0.028334
Early stopping triggered
R² score: -0.10421927565090261
Training with hidden_layers=[128, 64], learning_rate=0.001, l1_lambda=0.001
Epoch 1/100, Train Loss: 0.407880, Val Loss: 0.025186
Epoch 2/100, Train Loss: 0.041067, Val Loss: 0.025019
Epoch 3/100, Train Loss: 0.035136, Val Loss: 0.025002
Epoch 4/100, Train Loss: 0.034277, Val Loss: 0.025001
Epoch 5/100, Train Loss: 0.033816, Val Loss: 0.025001
Epoch 6/100, Train Loss: 0.033376, Val Loss: 0.025001
Epoch 7/100, Train Loss: 0.033070, Val Loss: 0.025001
Epoch 8/100, Train Loss: 0.032927, Val Loss: 0.025001
Epoch 9/100, Train Loss: 0.032888, Val Loss: 0.025001
Epoch 10/100, Train Loss: 0.032868, Val Loss: 0.025002
Epoch 11/100, Train Loss: 0.032866, Val Loss: 0.025002
Epoch 12/100, Train Loss: 0.032869, Val Loss: 0.025002
Epoch 13/100, Train Loss: 0.032869, Val Loss: 0.025002
Epoch 14/100, Train Loss: 0.032872, Val Loss: 0.025002
Epoch 15/100, Train Loss: 0.032873, Val Loss: 0.025002
Epoch 16/100, Train Loss: 0.032875, Val Loss: 0.025002
Early stopping triggered
R² score: -0.01787465560549073
Training with hidden_layers=[64, 32], learning_rate=0.01, l1_lambda=1e-05
Epoch 1/100, Train Loss: 0.033092, Val Loss: 0.025596
Epoch 2/100, Train Loss: 0.029495, Val Loss: 0.026354
Epoch 3/100, Train Loss: 0.029032, Val Loss: 0.025829
Epoch 4/100, Train Loss: 0.028747, Val Loss: 0.025624
Epoch 5/100, Train Loss: 0.028616, Val Loss: 0.026052
Epoch 6/100, Train Loss: 0.028488, Val Loss: 0.026506
Epoch 7/100, Train Loss: 0.028456, Val Loss: 0.025973
Epoch 8/100, Train Loss: 0.028467, Val Loss: 0.026700
Epoch 9/100, Train Loss: 0.028341, Val Loss: 0.026868
Epoch 10/100, Train Loss: 0.028370, Val Loss: 0.026541
Epoch 11/100, Train Loss: 0.028643, Val Loss: 0.025792
Early stopping triggered
R² score: -0.02100723745603772
Training with hidden_layers=[64, 32], learning_rate=0.01, l1_lambda=0.001
Epoch 1/100, Train Loss: 0.092552, Val Loss: 0.025007
Epoch 2/100, Train Loss: 0.050201, Val Loss: 0.025032
Epoch 3/100, Train Loss: 0.050283, Val Loss: 0.025045
Epoch 4/100, Train Loss: 0.050345, Val Loss: 0.025055
Epoch 5/100, Train Loss: 0.050356, Val Loss: 0.025069
Epoch 6/100, Train Loss: 0.050380, Val Loss: 0.025086
Epoch 7/100, Train Loss: 0.050393, Val Loss: 0.025105
Epoch 8/100, Train Loss: 0.050401, Val Loss: 0.025124
Epoch 9/100, Train Loss: 0.050414, Val Loss: 0.025141
Epoch 10/100, Train Loss: 0.050403, Val Loss: 0.025156
Epoch 11/100, Train Loss: 0.050422, Val Loss: 0.025168
Early stopping triggered
R² score: -0.00047730838332693537
Training with hidden_layers=[64, 32], learning_rate=0.001, l1_lambda=1e-05
Epoch 1/100, Train Loss: 0.032480, Val Loss: 0.026658
Epoch 2/100, Train Loss: 0.029984, Val Loss: 0.026976
Epoch 3/100, Train Loss: 0.029071, Val Loss: 0.027143
Epoch 4/100, Train Loss: 0.028664, Val Loss: 0.027053
Epoch 5/100, Train Loss: 0.028430, Val Loss: 0.027326
Epoch 6/100, Train Loss: 0.028259, Val Loss: 0.027876
Epoch 7/100, Train Loss: 0.028128, Val Loss: 0.028100
Epoch 8/100, Train Loss: 0.028025, Val Loss: 0.028350
Epoch 9/100, Train Loss: 0.027946, Val Loss: 0.028562
Epoch 10/100, Train Loss: 0.027869, Val Loss: 0.029273
Epoch 11/100, Train Loss: 0.027848, Val Loss: 0.029036
Early stopping triggered
R² score: -0.14334757424446676
Training with hidden_layers=[64, 32], learning_rate=0.001, l1_lambda=0.001
Epoch 1/100, Train Loss: 0.190266, Val Loss: 0.025005
Epoch 2/100, Train Loss: 0.032811, Val Loss: 0.025012
Epoch 3/100, Train Loss: 0.031458, Val Loss: 0.025013
Epoch 4/100, Train Loss: 0.030849, Val Loss: 0.025006
Epoch 5/100, Train Loss: 0.030388, Val Loss: 0.025003
Epoch 6/100, Train Loss: 0.030298, Val Loss: 0.025003
Epoch 7/100, Train Loss: 0.030297, Val Loss: 0.025003
Epoch 8/100, Train Loss: 0.030297, Val Loss: 0.025003
Epoch 9/100, Train Loss: 0.030297, Val Loss: 0.025003
Epoch 10/100, Train Loss: 0.030298, Val Loss: 0.025003
Epoch 11/100, Train Loss: 0.030298, Val Loss: 0.025002
Epoch 12/100, Train Loss: 0.030298, Val Loss: 0.025002
Epoch 13/100, Train Loss: 0.030298, Val Loss: 0.025002
Epoch 14/100, Train Loss: 0.030298, Val Loss: 0.025002
Epoch 15/100, Train Loss: 0.030298, Val Loss: 0.025002
Epoch 16/100, Train Loss: 0.030298, Val Loss: 0.025002
Epoch 17/100, Train Loss: 0.030299, Val Loss: 0.025002
Epoch 18/100, Train Loss: 0.030298, Val Loss: 0.025002
Epoch 19/100, Train Loss: 0.030298, Val Loss: 0.025002
Epoch 20/100, Train Loss: 0.030298, Val Loss: 0.025002
Epoch 21/100, Train Loss: 0.030298, Val Loss: 0.025002
Epoch 22/100, Train Loss: 0.030299, Val Loss: 0.025002
Epoch 23/100, Train Loss: 0.030299, Val Loss: 0.025002
Epoch 24/100, Train Loss: 0.030299, Val Loss: 0.025002
Epoch 25/100, Train Loss: 0.030298, Val Loss: 0.025002
Epoch 26/100, Train Loss: 0.030298, Val Loss: 0.025002
Epoch 27/100, Train Loss: 0.030299, Val Loss: 0.025002
Epoch 28/100, Train Loss: 0.030299, Val Loss: 0.025002
Epoch 29/100, Train Loss: 0.030298, Val Loss: 0.025002
Epoch 30/100, Train Loss: 0.030299, Val Loss: 0.025002
Epoch 31/100, Train Loss: 0.030299, Val Loss: 0.025002
Epoch 32/100, Train Loss: 0.030299, Val Loss: 0.025002
Epoch 33/100, Train Loss: 0.030299, Val Loss: 0.025002
Epoch 34/100, Train Loss: 0.030298, Val Loss: 0.025002
Epoch 35/100, Train Loss: 0.030299, Val Loss: 0.025002
Epoch 36/100, Train Loss: 0.030299, Val Loss: 0.025002
Epoch 37/100, Train Loss: 0.030299, Val Loss: 0.025002
Epoch 38/100, Train Loss: 0.030299, Val Loss: 0.025002
Epoch 39/100, Train Loss: 0.030299, Val Loss: 0.025002
Epoch 40/100, Train Loss: 0.030299, Val Loss: 0.025002
Epoch 41/100, Train Loss: 0.030299, Val Loss: 0.025002
Epoch 42/100, Train Loss: 0.030299, Val Loss: 0.025002
Epoch 43/100, Train Loss: 0.030298, Val Loss: 0.025002
Epoch 44/100, Train Loss: 0.030298, Val Loss: 0.025002
Epoch 45/100, Train Loss: 0.030299, Val Loss: 0.025002
Epoch 46/100, Train Loss: 0.030298, Val Loss: 0.025002
Epoch 47/100, Train Loss: 0.030299, Val Loss: 0.025002
Epoch 48/100, Train Loss: 0.030299, Val Loss: 0.025002
Epoch 49/100, Train Loss: 0.030298, Val Loss: 0.025002
Epoch 50/100, Train Loss: 0.030299, Val Loss: 0.025002
Epoch 51/100, Train Loss: 0.030299, Val Loss: 0.025002
Epoch 52/100, Train Loss: 0.030299, Val Loss: 0.025002
Epoch 53/100, Train Loss: 0.030299, Val Loss: 0.025002
Epoch 54/100, Train Loss: 0.030299, Val Loss: 0.025002
Epoch 55/100, Train Loss: 0.030299, Val Loss: 0.025002
Epoch 56/100, Train Loss: 0.030299, Val Loss: 0.025002
Epoch 57/100, Train Loss: 0.030298, Val Loss: 0.025002
Epoch 58/100, Train Loss: 0.030299, Val Loss: 0.025002
Epoch 59/100, Train Loss: 0.030299, Val Loss: 0.025002
Epoch 60/100, Train Loss: 0.030298, Val Loss: 0.025002
Epoch 61/100, Train Loss: 0.030299, Val Loss: 0.025002
Epoch 62/100, Train Loss: 0.030299, Val Loss: 0.025002
Epoch 63/100, Train Loss: 0.030299, Val Loss: 0.025002
Epoch 64/100, Train Loss: 0.030298, Val Loss: 0.025002
Epoch 65/100, Train Loss: 0.030298, Val Loss: 0.025002
Epoch 66/100, Train Loss: 0.030299, Val Loss: 0.025002
Epoch 67/100, Train Loss: 0.030299, Val Loss: 0.025002
Epoch 68/100, Train Loss: 0.030299, Val Loss: 0.025002
Epoch 69/100, Train Loss: 0.030298, Val Loss: 0.025002
Epoch 70/100, Train Loss: 0.030298, Val Loss: 0.025002
Epoch 71/100, Train Loss: 0.030298, Val Loss: 0.025002
Epoch 72/100, Train Loss: 0.030299, Val Loss: 0.025002
Epoch 73/100, Train Loss: 0.030298, Val Loss: 0.025002
Early stopping triggered
R² score: -0.017856480611595504
Training with hidden_layers=[32, 16], learning_rate=0.01, l1_lambda=1e-05
Epoch 1/100, Train Loss: 0.032453, Val Loss: 0.026864
Epoch 2/100, Train Loss: 0.029524, Val Loss: 0.026834
Epoch 3/100, Train Loss: 0.028837, Val Loss: 0.026979
Epoch 4/100, Train Loss: 0.028514, Val Loss: 0.027067
Epoch 5/100, Train Loss: 0.028315, Val Loss: 0.027368
Epoch 6/100, Train Loss: 0.028183, Val Loss: 0.026943
Epoch 7/100, Train Loss: 0.028110, Val Loss: 0.026994
Epoch 8/100, Train Loss: 0.028122, Val Loss: 0.026735
Epoch 9/100, Train Loss: 0.028143, Val Loss: 0.026844
Epoch 10/100, Train Loss: 0.028090, Val Loss: 0.026786
Epoch 11/100, Train Loss: 0.028067, Val Loss: 0.027358
Epoch 12/100, Train Loss: 0.028066, Val Loss: 0.027119
Epoch 13/100, Train Loss: 0.028030, Val Loss: 0.027210
Epoch 14/100, Train Loss: 0.028011, Val Loss: 0.027338
Epoch 15/100, Train Loss: 0.028013, Val Loss: 0.027261
Epoch 16/100, Train Loss: 0.028016, Val Loss: 0.027163
Epoch 17/100, Train Loss: 0.028081, Val Loss: 0.027217
Epoch 18/100, Train Loss: 0.027975, Val Loss: 0.027465
Early stopping triggered
R² score: -0.07388028919019685
Training with hidden_layers=[32, 16], learning_rate=0.01, l1_lambda=0.001
Epoch 1/100, Train Loss: 0.070152, Val Loss: 0.025014
Epoch 2/100, Train Loss: 0.038287, Val Loss: 0.025015
Epoch 3/100, Train Loss: 0.037866, Val Loss: 0.025021
Epoch 4/100, Train Loss: 0.037834, Val Loss: 0.025031
Epoch 5/100, Train Loss: 0.037886, Val Loss: 0.025040
Epoch 6/100, Train Loss: 0.037921, Val Loss: 0.025047
Epoch 7/100, Train Loss: 0.037947, Val Loss: 0.025053
Epoch 8/100, Train Loss: 0.037968, Val Loss: 0.025061
Epoch 9/100, Train Loss: 0.037982, Val Loss: 0.025071
Epoch 10/100, Train Loss: 0.037993, Val Loss: 0.025083
Epoch 11/100, Train Loss: 0.038001, Val Loss: 0.025097
Early stopping triggered
R² score: -0.002171391792431754
Training with hidden_layers=[32, 16], learning_rate=0.001, l1_lambda=1e-05
Epoch 1/100, Train Loss: 0.030216, Val Loss: 0.027138
Epoch 2/100, Train Loss: 0.028980, Val Loss: 0.026816
Epoch 3/100, Train Loss: 0.028515, Val Loss: 0.026666
Epoch 4/100, Train Loss: 0.028228, Val Loss: 0.026897
Epoch 5/100, Train Loss: 0.028060, Val Loss: 0.027638
Epoch 6/100, Train Loss: 0.027954, Val Loss: 0.027579
Epoch 7/100, Train Loss: 0.027857, Val Loss: 0.028256
Epoch 8/100, Train Loss: 0.027782, Val Loss: 0.028827
Epoch 9/100, Train Loss: 0.027739, Val Loss: 0.029233
Epoch 10/100, Train Loss: 0.027706, Val Loss: 0.029212
Epoch 11/100, Train Loss: 0.027663, Val Loss: 0.029582
Epoch 12/100, Train Loss: 0.027625, Val Loss: 0.029780
Epoch 13/100, Train Loss: 0.027601, Val Loss: 0.029949
Early stopping triggered
R² score: -0.14426801836894776
Training with hidden_layers=[32, 16], learning_rate=0.001, l1_lambda=0.001
Epoch 1/100, Train Loss: 0.138014, Val Loss: 0.025222
Epoch 2/100, Train Loss: 0.043190, Val Loss: 0.025151
Epoch 3/100, Train Loss: 0.035857, Val Loss: 0.025090
Epoch 4/100, Train Loss: 0.033595, Val Loss: 0.025041
Epoch 5/100, Train Loss: 0.032271, Val Loss: 0.025008
Epoch 6/100, Train Loss: 0.031241, Val Loss: 0.025006
Epoch 7/100, Train Loss: 0.030597, Val Loss: 0.025009
Epoch 8/100, Train Loss: 0.030257, Val Loss: 0.025010
Epoch 9/100, Train Loss: 0.030083, Val Loss: 0.025009
Epoch 10/100, Train Loss: 0.029962, Val Loss: 0.025007
Epoch 11/100, Train Loss: 0.029846, Val Loss: 0.025006
Epoch 12/100, Train Loss: 0.029722, Val Loss: 0.025006
Epoch 13/100, Train Loss: 0.029586, Val Loss: 0.025005
Epoch 14/100, Train Loss: 0.029444, Val Loss: 0.025004
Epoch 15/100, Train Loss: 0.029337, Val Loss: 0.025002
Epoch 16/100, Train Loss: 0.029283, Val Loss: 0.025002
Epoch 17/100, Train Loss: 0.029230, Val Loss: 0.025002
Epoch 18/100, Train Loss: 0.029193, Val Loss: 0.025002
Epoch 19/100, Train Loss: 0.029171, Val Loss: 0.025002
Epoch 20/100, Train Loss: 0.029148, Val Loss: 0.025002
Epoch 21/100, Train Loss: 0.029138, Val Loss: 0.025003
Epoch 22/100, Train Loss: 0.029139, Val Loss: 0.025003
Epoch 23/100, Train Loss: 0.029139, Val Loss: 0.025003
Epoch 24/100, Train Loss: 0.029139, Val Loss: 0.025003
Epoch 25/100, Train Loss: 0.029139, Val Loss: 0.025003
Early stopping triggered
R² score: -0.018007814145330814
Training with hidden_layers=[16, 8], learning_rate=0.01, l1_lambda=1e-05
Epoch 1/100, Train Loss: 0.031742, Val Loss: 0.026397
Epoch 2/100, Train Loss: 0.029024, Val Loss: 0.027500
Epoch 3/100, Train Loss: 0.028710, Val Loss: 0.027188
Epoch 4/100, Train Loss: 0.028441, Val Loss: 0.027784
Epoch 5/100, Train Loss: 0.028325, Val Loss: 0.027883
Epoch 6/100, Train Loss: 0.028248, Val Loss: 0.029676
Epoch 7/100, Train Loss: 0.028221, Val Loss: 0.029200
Epoch 8/100, Train Loss: 0.028176, Val Loss: 0.030438
Epoch 9/100, Train Loss: 0.028109, Val Loss: 0.029584
Epoch 10/100, Train Loss: 0.027981, Val Loss: 0.029956
Epoch 11/100, Train Loss: 0.027982, Val Loss: 0.029877
Early stopping triggered
R² score: -0.21207236664737694
Training with hidden_layers=[16, 8], learning_rate=0.01, l1_lambda=0.001
Epoch 1/100, Train Loss: 0.054769, Val Loss: 0.025099
Epoch 2/100, Train Loss: 0.033488, Val Loss: 0.025012
Epoch 3/100, Train Loss: 0.032698, Val Loss: 0.025030
Epoch 4/100, Train Loss: 0.032684, Val Loss: 0.025037
Epoch 5/100, Train Loss: 0.032668, Val Loss: 0.025046
Epoch 6/100, Train Loss: 0.032694, Val Loss: 0.025053
Epoch 7/100, Train Loss: 0.032721, Val Loss: 0.025062
Epoch 8/100, Train Loss: 0.032743, Val Loss: 0.025074
Epoch 9/100, Train Loss: 0.032761, Val Loss: 0.025087
Epoch 10/100, Train Loss: 0.032776, Val Loss: 0.025102
Epoch 11/100, Train Loss: 0.032791, Val Loss: 0.025117
Epoch 12/100, Train Loss: 0.032802, Val Loss: 0.025132
Early stopping triggered
R² score: -0.0011282984714329203
Training with hidden_layers=[16, 8], learning_rate=0.001, l1_lambda=1e-05
Epoch 1/100, Train Loss: 0.028996, Val Loss: 0.026253
Epoch 2/100, Train Loss: 0.028325, Val Loss: 0.026253
Epoch 3/100, Train Loss: 0.028101, Val Loss: 0.026217
Epoch 4/100, Train Loss: 0.027966, Val Loss: 0.026798
Epoch 5/100, Train Loss: 0.027885, Val Loss: 0.026918
Epoch 6/100, Train Loss: 0.027809, Val Loss: 0.027153
Epoch 7/100, Train Loss: 0.027753, Val Loss: 0.027557
Epoch 8/100, Train Loss: 0.027687, Val Loss: 0.028319
Epoch 9/100, Train Loss: 0.027646, Val Loss: 0.028986
Epoch 10/100, Train Loss: 0.027581, Val Loss: 0.029859
Epoch 11/100, Train Loss: 0.027542, Val Loss: 0.030406
Epoch 12/100, Train Loss: 0.027514, Val Loss: 0.031365
Epoch 13/100, Train Loss: 0.027470, Val Loss: 0.032181
Early stopping triggered
R² score: -0.25696330685572866
Training with hidden_layers=[16, 8], learning_rate=0.001, l1_lambda=0.001
Epoch 1/100, Train Loss: 0.109116, Val Loss: 0.025780
Epoch 2/100, Train Loss: 0.047489, Val Loss: 0.025483
Epoch 3/100, Train Loss: 0.039784, Val Loss: 0.025396
Epoch 4/100, Train Loss: 0.036810, Val Loss: 0.025387
Epoch 5/100, Train Loss: 0.035112, Val Loss: 0.025403
Epoch 6/100, Train Loss: 0.034014, Val Loss: 0.025421
Epoch 7/100, Train Loss: 0.033249, Val Loss: 0.025389
Epoch 8/100, Train Loss: 0.032681, Val Loss: 0.025417
Epoch 9/100, Train Loss: 0.032208, Val Loss: 0.025407
Epoch 10/100, Train Loss: 0.031874, Val Loss: 0.025371
Epoch 11/100, Train Loss: 0.031652, Val Loss: 0.025367
Epoch 12/100, Train Loss: 0.031428, Val Loss: 0.025315
Epoch 13/100, Train Loss: 0.031226, Val Loss: 0.025290
Epoch 14/100, Train Loss: 0.031064, Val Loss: 0.025235
Epoch 15/100, Train Loss: 0.030883, Val Loss: 0.025174
Epoch 16/100, Train Loss: 0.030675, Val Loss: 0.025076
Epoch 17/100, Train Loss: 0.030460, Val Loss: 0.025023
Epoch 18/100, Train Loss: 0.030236, Val Loss: 0.025001
Epoch 19/100, Train Loss: 0.029987, Val Loss: 0.025002
Epoch 20/100, Train Loss: 0.029726, Val Loss: 0.025003
Epoch 21/100, Train Loss: 0.029470, Val Loss: 0.025003
Epoch 22/100, Train Loss: 0.029236, Val Loss: 0.025003
Epoch 23/100, Train Loss: 0.029003, Val Loss: 0.025003
Epoch 24/100, Train Loss: 0.028797, Val Loss: 0.025002
Epoch 25/100, Train Loss: 0.028679, Val Loss: 0.025002
Epoch 26/100, Train Loss: 0.028651, Val Loss: 0.025002
Epoch 27/100, Train Loss: 0.028652, Val Loss: 0.025002
Epoch 28/100, Train Loss: 0.028653, Val Loss: 0.025002
Early stopping triggered
R² score: -0.017888013670606107
Training with hidden_layers=[128], learning_rate=0.01, l1_lambda=1e-05
Epoch 1/100, Train Loss: 0.074618, Val Loss: 0.025203
Epoch 2/100, Train Loss: 0.036098, Val Loss: 0.025588
Epoch 3/100, Train Loss: 0.034174, Val Loss: 0.026578
Epoch 4/100, Train Loss: 0.033141, Val Loss: 0.025341
Epoch 5/100, Train Loss: 0.032069, Val Loss: 0.025971
Epoch 6/100, Train Loss: 0.031423, Val Loss: 0.025646
Epoch 7/100, Train Loss: 0.031832, Val Loss: 0.025502
Epoch 8/100, Train Loss: 0.031325, Val Loss: 0.026095
Epoch 9/100, Train Loss: 0.031049, Val Loss: 0.026022
Epoch 10/100, Train Loss: 0.030507, Val Loss: 0.025550
Epoch 11/100, Train Loss: 0.030293, Val Loss: 0.026117
Early stopping triggered
R² score: -0.04560008743576449
Training with hidden_layers=[128], learning_rate=0.01, l1_lambda=0.001
Epoch 1/100, Train Loss: 0.325293, Val Loss: 0.025198
Epoch 2/100, Train Loss: 0.067043, Val Loss: 0.025876
Epoch 3/100, Train Loss: 0.057864, Val Loss: 0.025604
Epoch 4/100, Train Loss: 0.057484, Val Loss: 0.025133
Epoch 5/100, Train Loss: 0.057572, Val Loss: 0.025045
Epoch 6/100, Train Loss: 0.057679, Val Loss: 0.025002
Epoch 7/100, Train Loss: 0.057889, Val Loss: 0.025002
Epoch 8/100, Train Loss: 0.058149, Val Loss: 0.025001
Epoch 9/100, Train Loss: 0.058383, Val Loss: 0.025002
Epoch 10/100, Train Loss: 0.058538, Val Loss: 0.025001
Epoch 11/100, Train Loss: 0.058726, Val Loss: 0.025001
Epoch 12/100, Train Loss: 0.058958, Val Loss: 0.025001
Epoch 13/100, Train Loss: 0.059129, Val Loss: 0.025001
Epoch 14/100, Train Loss: 0.059313, Val Loss: 0.025001
Epoch 15/100, Train Loss: 0.059514, Val Loss: 0.025001
Epoch 16/100, Train Loss: 0.059662, Val Loss: 0.025001
Epoch 17/100, Train Loss: 0.059849, Val Loss: 0.025003
Epoch 18/100, Train Loss: 0.059984, Val Loss: 0.025004
Epoch 19/100, Train Loss: 0.060212, Val Loss: 0.025006
Epoch 20/100, Train Loss: 0.060287, Val Loss: 0.025010
Epoch 21/100, Train Loss: 0.060432, Val Loss: 0.025015
Epoch 22/100, Train Loss: 0.060671, Val Loss: 0.025017
Epoch 23/100, Train Loss: 0.060746, Val Loss: 0.025024
Early stopping triggered
R² score: -0.0073928184938316654
Training with hidden_layers=[128], learning_rate=0.001, l1_lambda=1e-05
Epoch 1/100, Train Loss: 0.038947, Val Loss: 0.026304
Epoch 2/100, Train Loss: 0.034455, Val Loss: 0.026819
Epoch 3/100, Train Loss: 0.032752, Val Loss: 0.027288
Epoch 4/100, Train Loss: 0.031579, Val Loss: 0.027740
Epoch 5/100, Train Loss: 0.030746, Val Loss: 0.028152
Epoch 6/100, Train Loss: 0.030135, Val Loss: 0.028581
Epoch 7/100, Train Loss: 0.029664, Val Loss: 0.028928
Epoch 8/100, Train Loss: 0.029305, Val Loss: 0.028800
Epoch 9/100, Train Loss: 0.028998, Val Loss: 0.029161
Epoch 10/100, Train Loss: 0.028762, Val Loss: 0.029042
Epoch 11/100, Train Loss: 0.028595, Val Loss: 0.029344
Early stopping triggered
R² score: -0.2003346543762421
Training with hidden_layers=[128], learning_rate=0.001, l1_lambda=0.001
Epoch 1/100, Train Loss: 0.242879, Val Loss: 0.025041
Epoch 2/100, Train Loss: 0.032281, Val Loss: 0.025003
Epoch 3/100, Train Loss: 0.031989, Val Loss: 0.025003
Epoch 4/100, Train Loss: 0.031970, Val Loss: 0.025003
Epoch 5/100, Train Loss: 0.031958, Val Loss: 0.025002
Epoch 6/100, Train Loss: 0.031951, Val Loss: 0.025002
Epoch 7/100, Train Loss: 0.031944, Val Loss: 0.025002
Epoch 8/100, Train Loss: 0.031940, Val Loss: 0.025002
Epoch 9/100, Train Loss: 0.031936, Val Loss: 0.025002
Epoch 10/100, Train Loss: 0.031932, Val Loss: 0.025002
Epoch 11/100, Train Loss: 0.031923, Val Loss: 0.025002
Epoch 12/100, Train Loss: 0.031919, Val Loss: 0.025002
Epoch 13/100, Train Loss: 0.031916, Val Loss: 0.025002
Epoch 14/100, Train Loss: 0.031909, Val Loss: 0.025002
Epoch 15/100, Train Loss: 0.031901, Val Loss: 0.025002
Epoch 16/100, Train Loss: 0.031894, Val Loss: 0.025002
Epoch 17/100, Train Loss: 0.031897, Val Loss: 0.025002
Epoch 18/100, Train Loss: 0.031892, Val Loss: 0.025002
Epoch 19/100, Train Loss: 0.031890, Val Loss: 0.025002
Epoch 20/100, Train Loss: 0.031887, Val Loss: 0.025002
Epoch 21/100, Train Loss: 0.031879, Val Loss: 0.025002
Epoch 22/100, Train Loss: 0.031873, Val Loss: 0.025002
Epoch 23/100, Train Loss: 0.031874, Val Loss: 0.025002
Epoch 24/100, Train Loss: 0.031875, Val Loss: 0.025002
Epoch 25/100, Train Loss: 0.031874, Val Loss: 0.025002
Epoch 26/100, Train Loss: 0.031869, Val Loss: 0.025002
Epoch 27/100, Train Loss: 0.031866, Val Loss: 0.025002
Epoch 28/100, Train Loss: 0.031857, Val Loss: 0.025002
Epoch 29/100, Train Loss: 0.031855, Val Loss: 0.025002
Epoch 30/100, Train Loss: 0.031854, Val Loss: 0.025002
Epoch 31/100, Train Loss: 0.031852, Val Loss: 0.025002
Epoch 32/100, Train Loss: 0.031847, Val Loss: 0.025002
Epoch 33/100, Train Loss: 0.031844, Val Loss: 0.025002
Epoch 34/100, Train Loss: 0.031839, Val Loss: 0.025002
Epoch 35/100, Train Loss: 0.031834, Val Loss: 0.025002
Epoch 36/100, Train Loss: 0.031831, Val Loss: 0.025002
Epoch 37/100, Train Loss: 0.031831, Val Loss: 0.025002
Epoch 38/100, Train Loss: 0.031832, Val Loss: 0.025002
Epoch 39/100, Train Loss: 0.031825, Val Loss: 0.025002
Epoch 40/100, Train Loss: 0.031827, Val Loss: 0.025002
Epoch 41/100, Train Loss: 0.031822, Val Loss: 0.025002
Epoch 42/100, Train Loss: 0.031822, Val Loss: 0.025002
Epoch 43/100, Train Loss: 0.031822, Val Loss: 0.025002
Epoch 44/100, Train Loss: 0.031824, Val Loss: 0.025002
Epoch 45/100, Train Loss: 0.031818, Val Loss: 0.025002
Epoch 46/100, Train Loss: 0.031811, Val Loss: 0.025002
Epoch 47/100, Train Loss: 0.031811, Val Loss: 0.025002
Epoch 48/100, Train Loss: 0.031807, Val Loss: 0.025002
Epoch 49/100, Train Loss: 0.031806, Val Loss: 0.025002
Epoch 50/100, Train Loss: 0.031805, Val Loss: 0.025002
Epoch 51/100, Train Loss: 0.031804, Val Loss: 0.025002
Epoch 52/100, Train Loss: 0.031800, Val Loss: 0.025002
Epoch 53/100, Train Loss: 0.031799, Val Loss: 0.025002
Epoch 54/100, Train Loss: 0.031794, Val Loss: 0.025002
Epoch 55/100, Train Loss: 0.031792, Val Loss: 0.025002
Epoch 56/100, Train Loss: 0.031789, Val Loss: 0.025002
Early stopping triggered
R² score: -0.017859207511755182
Training with hidden_layers=[64], learning_rate=0.01, l1_lambda=1e-05
Epoch 1/100, Train Loss: 0.041356, Val Loss: 0.026022
Epoch 2/100, Train Loss: 0.030580, Val Loss: 0.026267
Epoch 3/100, Train Loss: 0.029640, Val Loss: 0.026345
Epoch 4/100, Train Loss: 0.029239, Val Loss: 0.026205
Epoch 5/100, Train Loss: 0.028736, Val Loss: 0.026448
Epoch 6/100, Train Loss: 0.028613, Val Loss: 0.025678
Epoch 7/100, Train Loss: 0.028841, Val Loss: 0.026195
Epoch 8/100, Train Loss: 0.028857, Val Loss: 0.028122
Epoch 9/100, Train Loss: 0.029234, Val Loss: 0.027075
Epoch 10/100, Train Loss: 0.029443, Val Loss: 0.027154
Epoch 11/100, Train Loss: 0.029357, Val Loss: 0.027070
Epoch 12/100, Train Loss: 0.029007, Val Loss: 0.027731
Epoch 13/100, Train Loss: 0.028815, Val Loss: 0.027507
Epoch 14/100, Train Loss: 0.028449, Val Loss: 0.028439
Epoch 15/100, Train Loss: 0.028595, Val Loss: 0.028053
Epoch 16/100, Train Loss: 0.028566, Val Loss: 0.028302
Early stopping triggered
R² score: -0.12432958849671416
Training with hidden_layers=[64], learning_rate=0.01, l1_lambda=0.001
Epoch 1/100, Train Loss: 0.080252, Val Loss: 0.025021
Epoch 2/100, Train Loss: 0.046084, Val Loss: 0.025020
Epoch 3/100, Train Loss: 0.045876, Val Loss: 0.025037
Epoch 4/100, Train Loss: 0.045782, Val Loss: 0.025047
Epoch 5/100, Train Loss: 0.045653, Val Loss: 0.025053
Epoch 6/100, Train Loss: 0.045494, Val Loss: 0.025064
Epoch 7/100, Train Loss: 0.045429, Val Loss: 0.025079
Epoch 8/100, Train Loss: 0.045390, Val Loss: 0.025093
Epoch 9/100, Train Loss: 0.045386, Val Loss: 0.025107
Epoch 10/100, Train Loss: 0.045363, Val Loss: 0.025124
Epoch 11/100, Train Loss: 0.045290, Val Loss: 0.025139
Epoch 12/100, Train Loss: 0.045257, Val Loss: 0.025154
Early stopping triggered
R² score: -0.0006914955433601211
Training with hidden_layers=[64], learning_rate=0.001, l1_lambda=1e-05
Epoch 1/100, Train Loss: 0.033100, Val Loss: 0.026646
Epoch 2/100, Train Loss: 0.030958, Val Loss: 0.026676
Epoch 3/100, Train Loss: 0.030045, Val Loss: 0.026812
Epoch 4/100, Train Loss: 0.029409, Val Loss: 0.027303
Epoch 5/100, Train Loss: 0.028996, Val Loss: 0.027204
Epoch 6/100, Train Loss: 0.028666, Val Loss: 0.027647
Epoch 7/100, Train Loss: 0.028435, Val Loss: 0.027830
Epoch 8/100, Train Loss: 0.028251, Val Loss: 0.028143
Epoch 9/100, Train Loss: 0.028106, Val Loss: 0.028564
Epoch 10/100, Train Loss: 0.028003, Val Loss: 0.028430
Epoch 11/100, Train Loss: 0.027907, Val Loss: 0.027790
Early stopping triggered
R² score: -0.0935621322088751
Training with hidden_layers=[64], learning_rate=0.001, l1_lambda=0.001
Epoch 1/100, Train Loss: 0.159081, Val Loss: 0.025157
Epoch 2/100, Train Loss: 0.032131, Val Loss: 0.025062
Epoch 3/100, Train Loss: 0.030730, Val Loss: 0.025020
Epoch 4/100, Train Loss: 0.030330, Val Loss: 0.025008
Epoch 5/100, Train Loss: 0.030166, Val Loss: 0.025002
Epoch 6/100, Train Loss: 0.030090, Val Loss: 0.025002
Epoch 7/100, Train Loss: 0.030040, Val Loss: 0.025003
Epoch 8/100, Train Loss: 0.030023, Val Loss: 0.025003
Epoch 9/100, Train Loss: 0.030022, Val Loss: 0.025003
Epoch 10/100, Train Loss: 0.030022, Val Loss: 0.025003
Epoch 11/100, Train Loss: 0.030015, Val Loss: 0.025003
Epoch 12/100, Train Loss: 0.030015, Val Loss: 0.025003
Epoch 13/100, Train Loss: 0.030016, Val Loss: 0.025003
Epoch 14/100, Train Loss: 0.030015, Val Loss: 0.025003
Epoch 15/100, Train Loss: 0.030014, Val Loss: 0.025002
Epoch 16/100, Train Loss: 0.030014, Val Loss: 0.025002
Early stopping triggered
R² score: -0.017938661981208526
Training with hidden_layers=[32], learning_rate=0.01, l1_lambda=1e-05
Epoch 1/100, Train Loss: 0.040743, Val Loss: 0.026268
Epoch 2/100, Train Loss: 0.029979, Val Loss: 0.026846
Epoch 3/100, Train Loss: 0.029483, Val Loss: 0.027128
Epoch 4/100, Train Loss: 0.029352, Val Loss: 0.027836
Epoch 5/100, Train Loss: 0.029359, Val Loss: 0.027194
Epoch 6/100, Train Loss: 0.030000, Val Loss: 0.026495
Epoch 7/100, Train Loss: 0.029516, Val Loss: 0.026778
Epoch 8/100, Train Loss: 0.029535, Val Loss: 0.026124
Epoch 9/100, Train Loss: 0.029475, Val Loss: 0.026280
Epoch 10/100, Train Loss: 0.029823, Val Loss: 0.026258
Epoch 11/100, Train Loss: 0.029122, Val Loss: 0.026043
Epoch 12/100, Train Loss: 0.028658, Val Loss: 0.025625
Epoch 13/100, Train Loss: 0.028655, Val Loss: 0.026499
Epoch 14/100, Train Loss: 0.028460, Val Loss: 0.026177
Epoch 15/100, Train Loss: 0.028330, Val Loss: 0.025776
Epoch 16/100, Train Loss: 0.028518, Val Loss: 0.026236
Epoch 17/100, Train Loss: 0.028388, Val Loss: 0.026542
Epoch 18/100, Train Loss: 0.028258, Val Loss: 0.026264
Epoch 19/100, Train Loss: 0.028599, Val Loss: 0.026526
Epoch 20/100, Train Loss: 0.028381, Val Loss: 0.026621
Epoch 21/100, Train Loss: 0.028307, Val Loss: 0.026123
Epoch 22/100, Train Loss: 0.028391, Val Loss: 0.026424
Early stopping triggered
R² score: -0.035168310735909536
Training with hidden_layers=[32], learning_rate=0.01, l1_lambda=0.001
Epoch 1/100, Train Loss: 0.114245, Val Loss: 0.025129
Epoch 2/100, Train Loss: 0.041311, Val Loss: 0.025001
Epoch 3/100, Train Loss: 0.036032, Val Loss: 0.025121
Epoch 4/100, Train Loss: 0.035997, Val Loss: 0.025064
Epoch 5/100, Train Loss: 0.035887, Val Loss: 0.025029
Epoch 6/100, Train Loss: 0.035798, Val Loss: 0.025003
Epoch 7/100, Train Loss: 0.035678, Val Loss: 0.025001
Epoch 8/100, Train Loss: 0.035641, Val Loss: 0.025001
Epoch 9/100, Train Loss: 0.035671, Val Loss: 0.025001
Epoch 10/100, Train Loss: 0.035720, Val Loss: 0.025002
Epoch 11/100, Train Loss: 0.035768, Val Loss: 0.025004
Epoch 12/100, Train Loss: 0.035813, Val Loss: 0.025007
Early stopping triggered
R² score: -0.010943825671608787
Training with hidden_layers=[32], learning_rate=0.001, l1_lambda=1e-05
Epoch 1/100, Train Loss: 0.030369, Val Loss: 0.026256
Epoch 2/100, Train Loss: 0.029154, Val Loss: 0.026171
Epoch 3/100, Train Loss: 0.028644, Val Loss: 0.026266
Epoch 4/100, Train Loss: 0.028298, Val Loss: 0.026504
Epoch 5/100, Train Loss: 0.028068, Val Loss: 0.027001
Epoch 6/100, Train Loss: 0.027953, Val Loss: 0.026987
Epoch 7/100, Train Loss: 0.027836, Val Loss: 0.027253
Epoch 8/100, Train Loss: 0.027741, Val Loss: 0.027798
Epoch 9/100, Train Loss: 0.027694, Val Loss: 0.028398
Epoch 10/100, Train Loss: 0.027607, Val Loss: 0.028613
Epoch 11/100, Train Loss: 0.027535, Val Loss: 0.029261
Epoch 12/100, Train Loss: 0.027491, Val Loss: 0.029867
Early stopping triggered
R² score: -0.1707525392855811
Training with hidden_layers=[32], learning_rate=0.001, l1_lambda=0.001
Epoch 1/100, Train Loss: 0.134373, Val Loss: 0.025607
Epoch 2/100, Train Loss: 0.040431, Val Loss: 0.025414
Epoch 3/100, Train Loss: 0.032454, Val Loss: 0.025311
Epoch 4/100, Train Loss: 0.031226, Val Loss: 0.025319
Epoch 5/100, Train Loss: 0.030634, Val Loss: 0.025305
Epoch 6/100, Train Loss: 0.030140, Val Loss: 0.025276
Epoch 7/100, Train Loss: 0.029785, Val Loss: 0.025131
Epoch 8/100, Train Loss: 0.029567, Val Loss: 0.025104
Epoch 9/100, Train Loss: 0.029458, Val Loss: 0.025056
Epoch 10/100, Train Loss: 0.029374, Val Loss: 0.025031
Epoch 11/100, Train Loss: 0.029291, Val Loss: 0.025020
Epoch 12/100, Train Loss: 0.029228, Val Loss: 0.025006
Epoch 13/100, Train Loss: 0.029179, Val Loss: 0.025003
Epoch 14/100, Train Loss: 0.029139, Val Loss: 0.025002
Epoch 15/100, Train Loss: 0.029109, Val Loss: 0.025002
Epoch 16/100, Train Loss: 0.029080, Val Loss: 0.025002
Epoch 17/100, Train Loss: 0.029068, Val Loss: 0.025003
Epoch 18/100, Train Loss: 0.029071, Val Loss: 0.025003
Epoch 19/100, Train Loss: 0.029073, Val Loss: 0.025003
Epoch 20/100, Train Loss: 0.029076, Val Loss: 0.025003
Epoch 21/100, Train Loss: 0.029075, Val Loss: 0.025003
Epoch 22/100, Train Loss: 0.029078, Val Loss: 0.025003
Epoch 23/100, Train Loss: 0.029079, Val Loss: 0.025003
Epoch 24/100, Train Loss: 0.029082, Val Loss: 0.025003
Early stopping triggered
R² score: -0.01799051078707392
Training with hidden_layers=[16], learning_rate=0.01, l1_lambda=1e-05
Epoch 1/100, Train Loss: 0.031259, Val Loss: 0.025096
Epoch 2/100, Train Loss: 0.029105, Val Loss: 0.025329
Epoch 3/100, Train Loss: 0.028814, Val Loss: 0.025486
Epoch 4/100, Train Loss: 0.028547, Val Loss: 0.026296
Epoch 5/100, Train Loss: 0.028672, Val Loss: 0.025421
Epoch 6/100, Train Loss: 0.028535, Val Loss: 0.025240
Epoch 7/100, Train Loss: 0.028391, Val Loss: 0.025935
Epoch 8/100, Train Loss: 0.028416, Val Loss: 0.026414
Epoch 9/100, Train Loss: 0.028280, Val Loss: 0.025615
Epoch 10/100, Train Loss: 0.028204, Val Loss: 0.026551
Epoch 11/100, Train Loss: 0.028232, Val Loss: 0.026467
Early stopping triggered
R² score: -0.05767125451396948
Training with hidden_layers=[16], learning_rate=0.01, l1_lambda=0.001
Epoch 1/100, Train Loss: 0.080196, Val Loss: 0.025331
Epoch 2/100, Train Loss: 0.034901, Val Loss: 0.025037
Epoch 3/100, Train Loss: 0.032241, Val Loss: 0.025153
Epoch 4/100, Train Loss: 0.032217, Val Loss: 0.025173
Epoch 5/100, Train Loss: 0.032056, Val Loss: 0.025166
Epoch 6/100, Train Loss: 0.031986, Val Loss: 0.025117
Epoch 7/100, Train Loss: 0.031929, Val Loss: 0.025078
Epoch 8/100, Train Loss: 0.031882, Val Loss: 0.025043
Epoch 9/100, Train Loss: 0.031873, Val Loss: 0.025018
Epoch 10/100, Train Loss: 0.031865, Val Loss: 0.025011
Epoch 11/100, Train Loss: 0.031842, Val Loss: 0.025011
Epoch 12/100, Train Loss: 0.031865, Val Loss: 0.025016
Epoch 13/100, Train Loss: 0.031875, Val Loss: 0.025021
Epoch 14/100, Train Loss: 0.031924, Val Loss: 0.025026
Epoch 15/100, Train Loss: 0.031933, Val Loss: 0.025030
Epoch 16/100, Train Loss: 0.031954, Val Loss: 0.025033
Epoch 17/100, Train Loss: 0.032017, Val Loss: 0.025037
Epoch 18/100, Train Loss: 0.032030, Val Loss: 0.025040
Epoch 19/100, Train Loss: 0.032058, Val Loss: 0.025045
Epoch 20/100, Train Loss: 0.032102, Val Loss: 0.025048
Early stopping triggered
R² score: -0.004809911073580642
Training with hidden_layers=[16], learning_rate=0.001, l1_lambda=1e-05
Epoch 1/100, Train Loss: 0.030425, Val Loss: 0.025676
Epoch 2/100, Train Loss: 0.028833, Val Loss: 0.025861
Epoch 3/100, Train Loss: 0.028585, Val Loss: 0.026205
Epoch 4/100, Train Loss: 0.028386, Val Loss: 0.026302
Epoch 5/100, Train Loss: 0.028210, Val Loss: 0.026635
Epoch 6/100, Train Loss: 0.028079, Val Loss: 0.026935
Epoch 7/100, Train Loss: 0.027966, Val Loss: 0.027192
Epoch 8/100, Train Loss: 0.027866, Val Loss: 0.027621
Epoch 9/100, Train Loss: 0.027824, Val Loss: 0.027559
Epoch 10/100, Train Loss: 0.027741, Val Loss: 0.027753
Epoch 11/100, Train Loss: 0.027669, Val Loss: 0.028010
Early stopping triggered
R² score: -0.07552856921414852
Training with hidden_layers=[16], learning_rate=0.001, l1_lambda=0.001
Epoch 1/100, Train Loss: 0.092927, Val Loss: 0.025147
Epoch 2/100, Train Loss: 0.040205, Val Loss: 0.025533
Epoch 3/100, Train Loss: 0.032542, Val Loss: 0.025753
Epoch 4/100, Train Loss: 0.031046, Val Loss: 0.025939
Epoch 5/100, Train Loss: 0.030621, Val Loss: 0.025953
Epoch 6/100, Train Loss: 0.030323, Val Loss: 0.026009
Epoch 7/100, Train Loss: 0.030064, Val Loss: 0.025961
Epoch 8/100, Train Loss: 0.029822, Val Loss: 0.025878
Epoch 9/100, Train Loss: 0.029640, Val Loss: 0.025802
Epoch 10/100, Train Loss: 0.029468, Val Loss: 0.025611
Epoch 11/100, Train Loss: 0.029317, Val Loss: 0.025461
Early stopping triggered
R² score: -0.004564570259592893
Training with hidden_layers=[8], learning_rate=0.01, l1_lambda=1e-05
Epoch 1/100, Train Loss: 0.032538, Val Loss: 0.028712
Epoch 2/100, Train Loss: 0.028649, Val Loss: 0.030173
Epoch 3/100, Train Loss: 0.028502, Val Loss: 0.028971
Epoch 4/100, Train Loss: 0.028370, Val Loss: 0.028505
Epoch 5/100, Train Loss: 0.028227, Val Loss: 0.028176
Epoch 6/100, Train Loss: 0.028116, Val Loss: 0.028227
Epoch 7/100, Train Loss: 0.028037, Val Loss: 0.028390
Epoch 8/100, Train Loss: 0.027977, Val Loss: 0.028754
Epoch 9/100, Train Loss: 0.027931, Val Loss: 0.029201
Epoch 10/100, Train Loss: 0.027899, Val Loss: 0.029503
Epoch 11/100, Train Loss: 0.027875, Val Loss: 0.030718
Epoch 12/100, Train Loss: 0.027966, Val Loss: 0.030524
Epoch 13/100, Train Loss: 0.027876, Val Loss: 0.031220
Epoch 14/100, Train Loss: 0.027851, Val Loss: 0.031816
Epoch 15/100, Train Loss: 0.027867, Val Loss: 0.032305
Early stopping triggered
R² score: -0.2419924161292597
Training with hidden_layers=[8], learning_rate=0.01, l1_lambda=0.001
Epoch 1/100, Train Loss: 0.042820, Val Loss: 0.026505
Epoch 2/100, Train Loss: 0.030792, Val Loss: 0.025828
Epoch 3/100, Train Loss: 0.030460, Val Loss: 0.025498
Epoch 4/100, Train Loss: 0.030385, Val Loss: 0.025156
Epoch 5/100, Train Loss: 0.030283, Val Loss: 0.025038
Epoch 6/100, Train Loss: 0.030167, Val Loss: 0.025038
Epoch 7/100, Train Loss: 0.030180, Val Loss: 0.025045
Epoch 8/100, Train Loss: 0.030209, Val Loss: 0.025051
Epoch 9/100, Train Loss: 0.030230, Val Loss: 0.025058
Epoch 10/100, Train Loss: 0.030244, Val Loss: 0.025065
Epoch 11/100, Train Loss: 0.030247, Val Loss: 0.025076
Epoch 12/100, Train Loss: 0.030271, Val Loss: 0.025087
Epoch 13/100, Train Loss: 0.030267, Val Loss: 0.025099
Epoch 14/100, Train Loss: 0.030280, Val Loss: 0.025114
Epoch 15/100, Train Loss: 0.030313, Val Loss: 0.025127
Early stopping triggered
R² score: -0.0012445646495768958
Training with hidden_layers=[8], learning_rate=0.001, l1_lambda=1e-05
Epoch 1/100, Train Loss: 0.029216, Val Loss: 0.026033
Epoch 2/100, Train Loss: 0.028275, Val Loss: 0.026065
Epoch 3/100, Train Loss: 0.028083, Val Loss: 0.026042
Epoch 4/100, Train Loss: 0.027948, Val Loss: 0.026158
Epoch 5/100, Train Loss: 0.027842, Val Loss: 0.026395
Epoch 6/100, Train Loss: 0.027750, Val Loss: 0.026853